IQ-TREE multicore version 1.6.12 for Linux 64-bit built Aug 15 2019
Developed by Bui Quang Minh, Nguyen Lam Tung, Olga Chernomor,
Heiko Schmidt, Dominik Schrempf, Michael Woodhams.

Host:    rabi (SSE4.2, 15 GB RAM)
Command: ../../iqtree -s 194ind_noClones_foriQtree.fas -st DNA -m TEST -bb 1000
Seed:    349513 (Using SPRNG - Scalable Parallel Random Number Generator)
Time:    Wed Nov 24 16:27:26 2021
Kernel:  SSE2 - 1 threads (24 CPU cores detected)

HINT: Use -nt option to specify number of threads because your CPU has 24 cores!
HINT: -nt AUTO will automatically determine the best number of threads to use.

Reading alignment file 194ind_noClones_foriQtree.fas ... Fasta format detected
Alignment most likely contains protein sequences
WARNING: Your specified sequence type is different from the detected one
WARNING: 18 sites contain only gaps or ambiguous characters.
Alignment has 194 sequences with 19419 columns, 19221 distinct patterns
6545 parsimony-informative, 2890 singleton sites, 9984 constant sites
         Gap/Ambiguity  Composition  p-value
   1  DD1_02A   39.37%    passed     14.27%
   2  DD1_03A   38.66%    failed      4.17%
   3  DD1_04A   44.37%    failed      0.02%
   4  DD1_05A   34.62%    passed     47.11%
   5  DD1_06A   35.96%    passed     60.49%
   6  DD1_07A   48.80%    failed      0.27%
   7  DD1_08A   42.55%    passed     51.24%
   8  DD1_09A   48.60%    failed      0.39%
   9  DD1_11A   55.34%    failed      0.80%
  10  DD1_12A   40.13%    passed     65.89%
  11  DD1_13A   33.67%    passed     63.72%
  12  DD1_15A   37.78%    passed     10.95%
  13  DD2_01A   33.95%    passed     64.09%
  14  DD2_02A   40.26%    passed     33.02%
  15  DD2_03A   38.60%    passed     69.13%
  16  DD2_04A   37.90%    passed     17.67%
  17  DD2_05A   35.69%    passed     55.73%
  18  DD2_06A   40.61%    passed     23.08%
  19  DD2_07A   39.68%    passed     45.56%
  20  DD2_08A   34.65%    passed     45.79%
  21  DD2_11A   41.27%    failed      4.03%
  22  DD2_12A   33.21%    passed     48.39%
  23  DD2_13A   35.79%    passed     61.17%
  24  DD2_14A   30.80%    passed     26.62%
  25  DD2_15A   32.72%    passed     87.27%
  26  DD3_01A   36.26%    passed     59.65%
  27  DD3_02A   35.34%    passed     72.53%
  28  DD3_03A   40.20%    passed     69.90%
  29  DD3_04A   34.59%    passed     96.59%
  30  DD3_05A   36.22%    passed     51.87%
  31  DD3_06A   36.99%    passed     38.60%
  32  DD3_07A   42.37%    passed      5.39%
  33  DD3_08A   34.24%    passed     99.49%
  34  DD3_10A   43.40%    failed      0.44%
  35  DD3_11A   44.73%    passed      8.23%
  36  DD3_12A   40.48%    failed      2.72%
  37  DD3_13A   29.77%    passed     62.84%
  38  DD3_14A   32.26%    passed     79.03%
  39  DS1_01A   38.16%    passed     14.22%
  40  DS1_02A   41.97%    failed      0.08%
  41  DS1_06A   41.55%    passed     98.15%
  42  DS1_08A   45.54%    failed      0.43%
  43  DS1_09A   42.91%    failed      0.02%
  44  DS1_11A   41.13%    failed      0.33%
  45  DS1_12A   57.94%    failed      0.00%
  46  DS1_13A   41.96%    passed     11.01%
  47  DS1_14A   49.33%    passed     73.94%
  48  DS1_15A   50.64%    passed     62.12%
  49  DS2_01A   40.00%    failed      2.10%
  50  DS2_03A   47.67%    failed      0.44%
  51  DS2_04A   51.14%    failed      0.00%
  52  DS2_08A   45.69%    failed      0.41%
  53  DS2_11A   51.84%    passed      5.38%
  54  DS2_12A   45.38%    failed      0.03%
  55  DS2_13A   40.34%    failed      2.31%
  56  DS3_01A   43.67%    failed      4.50%
  57  DS3_02A   43.58%    passed     68.57%
  58  DS3_04A   42.69%    failed      0.00%
  59  DS3_05A   51.00%    failed      0.00%
  60  DS3_06A   54.30%    failed      0.00%
  61  DS3_11A   39.69%    passed     54.99%
  62  DS3_15A   39.34%    failed      3.18%
  63  LD1_02A   38.98%    failed      0.27%
  64  LD1_03A   38.15%    failed      0.58%
  65  LD1_04A   48.08%    passed     39.89%
  66  LD1_05A   31.64%    failed      0.57%
  67  LD1_06A   34.68%    passed     55.47%
  68  LD1_07A   33.78%    passed     52.58%
  69  LD1_09A   34.07%    passed     93.12%
  70  LD1_10A   50.28%    failed      3.49%
  71  LD2_01A   32.15%    passed     86.43%
  72  LD2_02A   34.06%    passed      5.27%
  73  LD2_03A   44.94%    failed      0.00%
  74  LD2_04A   33.32%    passed     55.01%
  75  LD2_06A   32.43%    passed     99.85%
  76  LD2_08A   48.05%    failed      0.06%
  77  LD2_12A   32.50%    passed     91.14%
  78  LD2_13A   43.64%    failed      3.17%
  79  LD2_14A   38.06%    failed      0.78%
  80  LD3_01A   39.00%    failed      0.06%
  81  LD3_02A   35.47%    passed      6.38%
  82  LD3_03A   39.61%    passed     34.01%
  83  LD3_04A   36.15%    failed      0.22%
  84  LD3_05A   43.42%    failed      0.03%
  85  LD3_06A   38.83%    passed      8.28%
  86  LD3_09A   41.48%    failed      1.19%
  87  LD3_14A   38.27%    passed     97.32%
  88  LD3_15A   33.42%    passed     95.72%
  89  LS1_02A   37.89%    passed      5.23%
  90  LS1_03A   29.28%    passed     46.11%
  91  LS1_04A   33.57%    passed     66.21%
  92  LS1_05A   37.01%    passed     96.32%
  93  LS1_06A   32.92%    passed     66.88%
  94  LS1_07A   36.37%    passed     26.73%
  95  LS1_11A   30.08%    passed     16.42%
  96  LS1_12A   34.73%    passed     62.76%
  97  LS1_14A   59.78%    passed     74.64%
  98  LS1_15A   40.74%    passed     17.97%
  99  LS2_01A   36.38%    passed     20.15%
 100  LS2_02A   46.76%    failed      0.00%
 101  LS2_03A   44.00%    failed      0.01%
 102  LS2_04A   32.90%    passed     81.11%
 103  LS2_05A   34.78%    passed      5.46%
 104  LS2_08A   38.34%    passed     13.57%
 105  LS2_09A   50.57%    failed      0.04%
 106  LS2_11A   32.43%    passed     79.04%
 107  LS2_12A   33.17%    passed     99.87%
 108  LS2_13A   30.32%    passed     29.99%
 109  LS2_14A   33.31%    passed     94.36%
 110  LS2_15A   39.86%    failed      0.51%
 111  LS3_01A   38.62%    failed      0.19%
 112  LS3_02A   38.63%    passed     24.14%
 113  LS3_04A   40.26%    failed      0.09%
 114  LS3_05A   43.57%    failed      0.11%
 115  LS3_06A   41.67%    failed      0.20%
 116  LS3_07A   46.19%    failed      0.39%
 117  LS3_08A   41.93%    failed      1.31%
 118  LS3_09A   42.89%    failed      0.22%
 119  LS3_12A   37.29%    passed      9.58%
 120  LS3_13A   40.54%    failed      0.55%
 121  LS3_14A   34.63%    passed      6.27%
 122  LS3_15A   32.35%    failed      1.19%
 123  ND1_02A   46.80%    failed      0.01%
 124  ND1_03A   42.12%    failed      0.42%
 125  ND1_04A   54.25%    failed      2.85%
 126  ND1_12A   64.23%    failed      2.24%
 127  ND2_01A   35.61%    passed     18.76%
 128  ND2_03A   61.61%    passed     87.61%
 129  ND2_04A   32.63%    passed     10.01%
 130  ND2_06A   37.68%    passed      6.07%
 131  ND2_07A   41.85%    failed      0.34%
 132  ND2_12A   30.57%    passed     97.46%
 133  ND2_14A   38.58%    failed      0.27%
 134  ND2_15A   50.11%    failed      2.37%
 135  ND3_04A   45.60%    passed     11.09%
 136  ND3_07A   36.91%    passed     40.64%
 137  ND3_08A   36.81%    passed     33.50%
 138  ND3_09A   36.53%    passed     50.94%
 139  ND3_10A   40.99%    passed     97.81%
 140  ND3_13A   45.07%    passed     35.96%
 141  ND3_14A   35.07%    passed     89.93%
 142  ND3_15A   49.30%    failed      0.00%
 143  NS1_02A   39.17%    passed     97.43%
 144  NS1_03A   60.73%    failed      0.07%
 145  NS1_04A   38.14%    passed      7.69%
 146  NS1_05A   47.70%    failed      4.80%
 147  NS1_06A   39.33%    passed     13.51%
 148  NS1_07A   63.38%    failed      0.00%
 149  NS1_09A   43.80%    failed      0.02%
 150  NS1_10A   40.20%    passed     34.53%
 151  NS1_13A   38.86%    failed      0.74%
 152  NS2_01A   31.57%    passed     86.35%
 153  NS2_02A   51.95%    passed     15.85%
 154  NS2_03A   44.16%    passed     31.39%
 155  NS2_04A   52.73%    failed      1.01%
 156  NS2_07A   42.11%    passed     20.81%
 157  NS2_09A   45.28%    failed      0.13%
 158  NS2_12A   47.16%    passed     23.39%
 159  NS2_13A   63.55%    failed      0.01%
 160  NS3_14A   64.57%    failed      0.00%
 161  NS3_15A   39.71%    passed     45.60%
 162  WD1_10A   57.88%    failed      0.07%
 163  WD1_12A   44.76%    failed      1.31%
 164  WD1_13A   34.14%    passed     60.12%
 165  WD1_14A   32.47%    passed     74.38%
 166  WD1_15A   55.22%    failed      1.10%
 167  WD2_01A   45.93%    passed     22.15%
 168  WD2_03A   60.76%    failed      3.79%
 169  WD2_04A   32.26%    passed     68.41%
 170  WD2_09A   32.64%    passed     89.69%
 171  WD3_07A   51.68%    failed      0.03%
 172  WD3_08A   40.56%    passed     14.72%
 173  WD3_13A   59.54%    failed      0.00%
 174  WD3_14A   60.37%    failed      0.00%
 175  WS1_01A   47.56%    passed     11.84%
 176  WS1_09A   31.57%    passed     71.91%
 177  WS1_10A   39.24%    passed      6.46%
 178  WS1_11A   52.09%    failed      1.14%
 179  WS1_12A   58.37%    failed      1.07%
 180  WS2_02A   32.49%    passed     48.81%
 181  WS2_04A   50.19%    failed      0.01%
 182  WS2_05A   38.69%    passed     90.97%
 183  WS2_06A   38.29%    passed     85.57%
 184  WS2_09A   49.20%    failed      0.00%
 185  WS2_11A   57.93%    failed      0.00%
 186  WS2_14A   47.47%    passed     17.18%
 187  WS2_15A   52.59%    failed      1.47%
 188  WS3_01A   38.36%    failed      1.19%
 189  WS3_02A   43.07%    failed      0.14%
 190  WS3_05A   46.16%    failed      1.52%
 191  WS3_07A   42.33%    failed      1.92%
 192  WS3_08A   50.28%    passed     48.52%
 193  WS3_12A   46.93%    failed      0.04%
 194  WS3_15A   50.93%    failed      0.01%
WARNING: 33 sequences contain more than 50% gaps/ambiguity
****  TOTAL     41.89%  85 sequences failed composition chi2 test (p-value<5%; df=3)


Create initial parsimony tree by phylogenetic likelihood library (PLL)... 1.310 seconds
NOTE: ModelFinder requires 557 MB RAM!
ModelFinder will test 88 DNA models (sample size: 19419) ...
 No. Model         -LnL         df  AIC          AICc         BIC
  1  JC            360572.749   385 721915.499   721931.115   724946.991
  2  JC+I          330231.889   386 661235.778   661251.476   664275.144
  3  JC+G4         313542.675   386 627857.350   627873.048   630896.717
  4  JC+I+G4       312796.525   387 626367.051   626382.831   629414.292
  5  F81+F         363861.844   388 728499.687   728515.550   731554.802
  6  F81+F+I       334208.600   389 669195.201   669211.146   672258.190
  7  F81+F+G4      317948.931   389 636675.861   636691.806   639738.850
  8  F81+F+I+G4    317228.384   390 635236.768   635252.796   638307.631
  9  K2P           342533.886   386 685839.772   685855.470   688879.138
 10  K2P+I         310627.742   387 622029.484   622045.264   625076.724
 11  K2P+G4        291910.048   387 584594.095   584609.875   587641.336
 12  K2P+I+G4      290970.574   388 582717.148   582733.011   585772.263
 13  HKY+F         342880.256   389 686538.511   686554.456   689601.500
 14  HKY+F+I       312535.707   390 625851.414   625867.442   628922.277
 15  HKY+F+G4      294387.608   390 589555.217   589571.245   592626.080
 16  HKY+F+I+G4    293452.559   391 587687.118   587703.229   590765.855
 17  TNe           342533.773   387 685841.545   685857.326   688888.786
 18  TNe+I         310622.326   388 622020.651   622036.514   625075.766
 19  TNe+G4        291901.299   388 584578.598   584594.461   587633.713
 20  TNe+I+G4      290959.187   389 582696.374   582712.319   585759.363
 21  TN+F          342879.033   390 686538.066   686554.094   689608.929
 22  TN+F+I        312526.899   391 625835.799   625851.910   628914.535
 23  TN+F+G4       294384.828   391 589551.657   589567.768   592630.394
 24  TN+F+I+G4     293447.172   392 587678.344   587694.538   590764.955
 25  K3P           342357.117   387 685488.234   685504.015   688535.475
 26  K3P+I         310445.325   388 621666.651   621682.513   624721.766
 27  K3P+G4        291724.195   388 584224.389   584240.252   587279.504
 28  K3P+I+G4      290786.231   389 582350.461   582366.406   585413.450
 29  K3Pu+F        342302.193   390 685384.386   685400.414   688455.249
 30  K3Pu+F+I      312088.487   391 624958.974   624975.085   628037.711
 31  K3Pu+F+G4     293941.098   391 588664.195   588680.306   591742.932
 32  K3Pu+F+I+G4   293017.813   392 586819.626   586835.821   589906.237
 33  TPM2+F        340550.375   390 681880.750   681896.778   684951.613
 34  TPM2+F+I      310686.397   391 622154.794   622170.905   625233.531
 35  TPM2+F+G4     292495.140   391 585772.279   585788.390   588851.016
 36  TPM2+F+I+G4   291531.310   392 583846.620   583862.814   586933.231
 37  TPM2u+F       340550.388   390 681880.775   681896.803   684951.638
 38  TPM2u+F+I     310686.426   391 622154.852   622170.963   625233.589
 39  TPM2u+F+G4    292495.143   391 585772.285   585788.396   588851.022
 40  TPM2u+F+I+G4  291531.335   392 583846.671   583862.865   586933.281
 41  TPM3+F        341323.852   390 683427.704   683443.732   686498.567
 42  TPM3+F+I      311368.587   391 623519.174   623535.285   626597.911
 43  TPM3+F+G4     293058.421   391 586898.843   586914.954   589977.580
 44  TPM3+F+I+G4   292107.677   392 584999.354   585015.549   588085.965
 45  TPM3u+F       341323.852   390 683427.704   683443.732   686498.566
 46  TPM3u+F+I     311368.563   391 623519.125   623535.236   626597.862
 47  TPM3u+F+G4    293058.419   391 586898.838   586914.949   589977.575
 48  TPM3u+F+I+G4  292107.707   392 584999.413   585015.608   588086.024
 49  TIMe          342357.018   388 685490.035   685505.898   688545.150
 50  TIMe+I        310439.849   389 621657.698   621673.643   624720.687
 51  TIMe+G4       291715.472   389 584208.945   584224.890   587271.934
 52  TIMe+I+G4     290775.038   390 582330.077   582346.105   585400.939
 53  TIM+F         342300.922   391 685383.844   685399.955   688462.581
 54  TIM+F+I       312079.676   392 624943.352   624959.546   628029.963
 55  TIM+F+G4      293938.449   392 588660.897   588677.091   591747.508
 56  TIM+F+I+G4    293012.631   393 586811.261   586827.539   589905.746
 57  TIM2e         341500.802   388 683777.603   683793.466   686832.718
 58  TIM2e+I       309867.480   389 620512.959   620528.904   623575.948
 59  TIM2e+G4      291366.107   389 583510.214   583526.160   586573.203
 60  TIM2e+I+G4    290442.265   390 581664.530   581680.558   584735.393
 61  TIM2+F        340549.105   391 681880.211   681896.322   684958.948
 62  TIM2+F+I      310678.655   392 622141.310   622157.504   625227.921
 63  TIM2+F+G4     292485.762   392 585755.524   585771.718   588842.135
 64  TIM2+F+I+G4   291516.828   393 583819.656   583835.934   586914.141
 65  TIM3e         341973.138   388 684722.276   684738.139   687777.391
 66  TIM3e+I       310252.040   389 621282.079   621298.024   624345.068
 67  TIM3e+G4      291648.092   389 584074.184   584090.129   587137.173
 68  TIM3e+I+G4    290710.637   390 582201.274   582217.302   585272.137
 69  TIM3+F        341322.662   391 683427.324   683443.435   686506.061
 70  TIM3+F+I      311358.745   392 623501.490   623517.684   626588.100
 71  TIM3+F+G4     293057.773   392 586899.546   586915.740   589986.157
 72  TIM3+F+I+G4   292106.727   393 584999.454   585015.731   588093.938
 73  TVMe          340739.437   389 682256.874   682272.819   685319.863
 74  TVMe+I        309292.858   390 619365.717   619381.745   622436.580
 75  TVMe+G4       290897.910   390 582575.820   582591.848   585646.682
 76  TVMe+I+G4     289980.651   391 580743.301   580759.412   583822.038
 77  TVM+F         338771.656   392 678327.312   678343.506   681413.922
 78  TVM+F+I       309291.046   393 619368.091   619384.369   622462.576
 79  TVM+F+G4      290933.120   393 582652.240   582668.518   585746.725
 80  TVM+F+I+G4    289946.098   394 580680.197   580696.558   583782.555
 81  SYM           340739.368   390 682258.737   682274.765   685329.599
 82  SYM+I         309287.365   391 619356.731   619372.842   622435.468
 83  SYM+G4        290891.161   391 582564.322   582580.433   585643.059
 84  SYM+I+G4      289971.240   392 580726.479   580742.673   583813.090
 85  GTR+F         338770.467   393 678326.935   678343.213   681421.420
 86  GTR+F+I       309282.347   394 619352.693   619369.055   622455.052
 87  GTR+F+G4      290928.211   394 582644.422   582660.783   585746.781
 88  GTR+F+I+G4    289939.835   395 580669.669   580686.115   583779.902
Akaike Information Criterion:           GTR+F+I+G4
Corrected Akaike Information Criterion: GTR+F+I+G4
Bayesian Information Criterion:         GTR+F+I+G4
Best-fit model: GTR+F+I+G4 chosen according to BIC

All model information printed to 194ind_noClones_foriQtree.fas.model.gz
CPU time for ModelFinder: 3192.855 seconds (0h:53m:12s)
Wall-clock time for ModelFinder: 3206.896 seconds (0h:53m:26s)
Generating 1000 samples for ultrafast bootstrap (seed: 349513)...

NOTE: 557 MB RAM (0 GB) is required!
Estimate model parameters (epsilon = 0.100)
Thoroughly optimizing +I+G parameters from 10 start values...
Init pinv, alpha: 0.000, 1.000 / Estimate: 0.000, 0.284 / LogL: -290928.142
Init pinv, alpha: 0.057, 1.000 / Estimate: 0.391, 0.644 / LogL: -289939.860
Init pinv, alpha: 0.114, 1.000 / Estimate: 0.391, 0.643 / LogL: -289940.014
Init pinv, alpha: 0.171, 1.000 / Estimate: 0.391, 0.643 / LogL: -289939.915
Init pinv, alpha: 0.229, 1.000 / Estimate: 0.391, 0.643 / LogL: -289939.893
Init pinv, alpha: 0.286, 1.000 / Estimate: 0.391, 0.643 / LogL: -289939.856
Init pinv, alpha: 0.343, 1.000 / Estimate: 0.391, 0.644 / LogL: -289939.844
Init pinv, alpha: 0.400, 1.000 / Estimate: 0.395, 0.652 / LogL: -289939.824
Init pinv, alpha: 0.457, 1.000 / Estimate: 0.395, 0.653 / LogL: -289939.837
Init pinv, alpha: 0.514, 1.000 / Estimate: 0.395, 0.653 / LogL: -289939.821
Optimal pinv,alpha: 0.395, 0.653 / LogL: -289939.821

Parameters optimization took 2752.739 sec
Computing ML distances based on estimated model parameters... 14.703 sec
Computing BIONJ tree...
0.114 seconds
Log-likelihood of BIONJ tree: -292467.014
--------------------------------------------------------------------
|             INITIALIZING CANDIDATE TREE SET                      |
--------------------------------------------------------------------
Generating 98 parsimony trees... 139.530 second
Computing log-likelihood of 98 initial trees ... 482.967 seconds
Current best score: -289907.234

Do NNI search on 20 best initial trees
Estimate model parameters (epsilon = 0.100)
BETTER TREE FOUND at iteration 1: -289632.191
Estimate model parameters (epsilon = 0.100)
BETTER TREE FOUND at iteration 2: -289513.158
Iteration 10 / LogL: -289755.804 / Time: 1h:5m:41s
Iteration 20 / LogL: -289830.290 / Time: 1h:13m:47s
Finish initializing candidate tree set (20)
Current best tree score: -289513.158 / CPU time: 1638.131
Number of iterations: 20
--------------------------------------------------------------------
|               OPTIMIZING CANDIDATE TREE SET                      |
--------------------------------------------------------------------
Estimate model parameters (epsilon = 0.100)
BETTER TREE FOUND at iteration 28: -289493.777
Iteration 30 / LogL: -289599.358 / Time: 1h:22m:43s (4h:39m:33s left)
Iteration 40 / LogL: -289518.367 / Time: 1h:31m:32s (3h:26m:33s left)
Estimate model parameters (epsilon = 0.100)
BETTER TREE FOUND at iteration 43: -289490.540
Estimate model parameters (epsilon = 0.100)
BETTER TREE FOUND at iteration 47: -289488.349
Estimate model parameters (epsilon = 0.100)
BETTER TREE FOUND at iteration 48: -289482.111
Estimate model parameters (epsilon = 0.100)
BETTER TREE FOUND at iteration 49: -289453.462
Iteration 50 / LogL: -289554.679 / Time: 1h:41m:27s (3h:24m:59s left)
Log-likelihood cutoff on original alignment: -289828.186
Iteration 60 / LogL: -289510.856 / Time: 1h:50m:46s (2h:47m:5s left)
Iteration 70 / LogL: -289529.137 / Time: 1h:59m:11s (2h:16m:28s left)
Estimate model parameters (epsilon = 0.100)
BETTER TREE FOUND at iteration 74: -289432.821
Iteration 80 / LogL: -289521.217 / Time: 2h:9m:21s (2h:33m:55s left)
Estimate model parameters (epsilon = 0.100)
BETTER TREE FOUND at iteration 89: -289422.570
Iteration 90 / LogL: -289484.488 / Time: 2h:19m:20s (2h:34m:59s left)
Estimate model parameters (epsilon = 0.100)
BETTER TREE FOUND at iteration 92: -289407.399
Iteration 100 / LogL: -289545.921 / Time: 2h:29m:12s (2h:18m:39s left)
Log-likelihood cutoff on original alignment: -289775.906
NOTE: Bootstrap correlation coefficient of split occurrence frequencies: 0.942
NOTE: UFBoot does not converge, continue at least 100 more iterations
Estimate model parameters (epsilon = 0.100)
BETTER TREE FOUND at iteration 103: -289403.561
Estimate model parameters (epsilon = 0.100)
BETTER TREE FOUND at iteration 109: -289399.007
Iteration 110 / LogL: -289446.647 / Time: 2h:39m:5s (2h:24m:29s left)
Estimate model parameters (epsilon = 0.100)
BETTER TREE FOUND at iteration 113: -289385.620
Iteration 120 / LogL: -289488.185 / Time: 2h:48m:18s (2h:11m:32s left)
Iteration 130 / LogL: -289394.041 / Time: 2h:57m:39s (1h:54m:18s left)
Iteration 140 / LogL: -289417.374 / Time: 3h:8m:7s (1h:38m:48s left)
Estimate model parameters (epsilon = 0.100)
BETTER TREE FOUND at iteration 150: -289382.567
Iteration 150 / LogL: -289382.567 / Time: 3h:17m:33s (2h:12m:35s left)
Log-likelihood cutoff on original alignment: -289775.906
Estimate model parameters (epsilon = 0.100)
BETTER TREE FOUND at iteration 160: -289355.262
Iteration 160 / LogL: -289355.262 / Time: 3h:27m:13s (2h:10m:19s left)
Iteration 170 / LogL: -289412.166 / Time: 3h:35m:41s (1h:54m:51s left)
Iteration 180 / LogL: -289418.976 / Time: 3h:44m:57s (1h:40m:32s left)
Estimate model parameters (epsilon = 0.100)
BETTER TREE FOUND at iteration 184: -289352.162
Iteration 190 / LogL: -289447.434 / Time: 3h:53m:58s (1h:56m:22s left)
Iteration 200 / LogL: -289358.615 / Time: 4h:2m:36s (1h:42m:24s left)
Log-likelihood cutoff on original alignment: -289774.433
NOTE: Bootstrap correlation coefficient of split occurrence frequencies: 0.963
NOTE: UFBoot does not converge, continue at least 100 more iterations
Iteration 210 / LogL: -289367.369 / Time: 4h:11m:59s (1h:48m:30s left)
Iteration 220 / LogL: -289446.159 / Time: 4h:20m:57s (1h:35m:19s left)
Estimate model parameters (epsilon = 0.100)
BETTER TREE FOUND at iteration 221: -289336.341
Iteration 230 / LogL: -289357.644 / Time: 4h:30m:25s (1h:47m:27s left)
Iteration 240 / LogL: -289472.907 / Time: 4h:40m:2s (1h:34m:54s left)
Iteration 250 / LogL: -289365.564 / Time: 4h:48m:29s (1h:22m:15s left)
Log-likelihood cutoff on original alignment: -289733.559
Iteration 260 / LogL: -289354.387 / Time: 4h:57m:25s (1h:10m:3s left)
Iteration 270 / LogL: -289463.342 / Time: 5h:5m:49s (0h:57m:58s left)
Iteration 280 / LogL: -289371.577 / Time: 5h:14m:21s (0h:46m:11s left)
Estimate model parameters (epsilon = 0.100)
BETTER TREE FOUND at iteration 283: -289334.332
Iteration 290 / LogL: -289395.658 / Time: 5h:23m:20s (1h:44m:3s left)
Iteration 300 / LogL: -289391.390 / Time: 5h:31m:17s (1h:31m:57s left)
Log-likelihood cutoff on original alignment: -289666.432
NOTE: Bootstrap correlation coefficient of split occurrence frequencies: 0.957
NOTE: UFBoot does not converge, continue at least 100 more iterations
Iteration 310 / LogL: -289389.460 / Time: 5h:38m:46s (1h:38m:40s left)
Iteration 320 / LogL: -289374.473 / Time: 5h:50m:6s (1h:27m:48s left)
Iteration 330 / LogL: -289390.428 / Time: 6h:0m:0s (1h:16m:35s left)
Estimate model parameters (epsilon = 0.100)
BETTER TREE FOUND at iteration 337: -289329.654
Iteration 340 / LogL: -289485.569 / Time: 6h:10m:56s (1h:46m:8s left)
Estimate model parameters (epsilon = 0.100)
BETTER TREE FOUND at iteration 345: -289327.692
Iteration 350 / LogL: -289350.797 / Time: 6h:21m:43s (1h:43m:54s left)
Log-likelihood cutoff on original alignment: -289666.432
Estimate model parameters (epsilon = 0.100)
BETTER TREE FOUND at iteration 354: -289323.032
Iteration 360 / LogL: -289361.522 / Time: 6h:32m:4s (1h:42m:39s left)
Iteration 370 / LogL: -289400.740 / Time: 6h:43m:59s (1h:31m:58s left)
Iteration 380 / LogL: -289434.762 / Time: 6h:56m:19s (1h:21m:17s left)
Estimate model parameters (epsilon = 0.100)
BETTER TREE FOUND at iteration 388: -289318.978
Iteration 390 / LogL: -289383.456 / Time: 7h:11m:54s (1h:48m:48s left)
Iteration 400 / LogL: -289383.794 / Time: 7h:25m:16s (1h:38m:12s left)
Log-likelihood cutoff on original alignment: -289666.432
NOTE: Bootstrap correlation coefficient of split occurrence frequencies: 0.970
NOTE: UFBoot does not converge, continue at least 100 more iterations
Iteration 410 / LogL: -289356.002 / Time: 7h:38m:13s (1h:40m:49s left)
Iteration 420 / LogL: -289351.134 / Time: 7h:52m:23s (1h:30m:11s left)
Iteration 430 / LogL: -289366.307 / Time: 8h:7m:1s (1h:19m:28s left)
Iteration 440 / LogL: -289327.974 / Time: 8h:20m:15s (1h:8m:22s left)
Iteration 450 / LogL: -289442.792 / Time: 8h:35m:43s (0h:57m:25s left)
Log-likelihood cutoff on original alignment: -289666.432
Iteration 460 / LogL: -289375.891 / Time: 8h:48m:2s (0h:46m:1s left)
Estimate model parameters (epsilon = 0.100)
BETTER TREE FOUND at iteration 469: -289314.761
Iteration 470 / LogL: -289343.283 / Time: 8h:57m:46s (1h:53m:31s left)
Iteration 480 / LogL: -289418.689 / Time: 9h:8m:3s (1h:41m:49s left)
Iteration 490 / LogL: -289390.781 / Time: 9h:18m:55s (1h:30m:17s left)
Estimate model parameters (epsilon = 0.100)
BETTER TREE FOUND at iteration 496: -289313.579
Iteration 500 / LogL: -289353.093 / Time: 9h:29m:56s (1h:49m:38s left)
Log-likelihood cutoff on original alignment: -289666.432
NOTE: Bootstrap correlation coefficient of split occurrence frequencies: 0.982
NOTE: UFBoot does not converge, continue at least 100 more iterations
Iteration 510 / LogL: -289393.969 / Time: 9h:41m:29s (1h:42m:49s left)
Iteration 520 / LogL: -289423.322 / Time: 9h:57m:5s (1h:32m:2s left)
Iteration 530 / LogL: -289315.066 / Time: 10h:7m:5s (1h:20m:20s left)
Iteration 540 / LogL: -289320.808 / Time: 10h:17m:48s (1h:8m:46s left)
Iteration 550 / LogL: -289428.218 / Time: 10h:27m:9s (0h:57m:7s left)
Log-likelihood cutoff on original alignment: -289666.432
Iteration 560 / LogL: -289324.457 / Time: 10h:36m:15s (0h:45m:31s left)
Iteration 570 / LogL: -289341.936 / Time: 10h:45m:20s (0h:34m:1s left)
Iteration 580 / LogL: -289321.687 / Time: 10h:54m:15s (0h:22m:35s left)
Iteration 590 / LogL: -289337.057 / Time: 11h:4m:10s (0h:11m:16s left)
Iteration 600 / LogL: -289395.434 / Time: 11h:14m:5s (0h:0m:0s left)
Log-likelihood cutoff on original alignment: -289666.432
NOTE: Bootstrap correlation coefficient of split occurrence frequencies: 0.988
NOTE: UFBoot does not converge, continue at least 100 more iterations
Iteration 610 / LogL: -289346.038 / Time: 11h:24m:3s (1h:41m:5s left)
Iteration 620 / LogL: -289342.130 / Time: 11h:33m:28s (1h:29m:37s left)
Iteration 630 / LogL: -289415.244 / Time: 11h:42m:42s (1h:18m:12s left)
Iteration 640 / LogL: -289378.188 / Time: 11h:52m:53s (1h:6m:56s left)
Iteration 650 / LogL: -289337.299 / Time: 12h:3m:1s (0h:55m:42s left)
Log-likelihood cutoff on original alignment: -289666.432
Iteration 660 / LogL: -289338.447 / Time: 12h:13m:54s (0h:44m:32s left)
Iteration 670 / LogL: -289342.205 / Time: 12h:24m:2s (0h:33m:21s left)
Iteration 680 / LogL: -289315.206 / Time: 12h:33m:50s (0h:22m:12s left)
Iteration 690 / LogL: -289452.470 / Time: 12h:42m:48s (0h:11m:4s left)
Iteration 700 / LogL: -289360.517 / Time: 12h:52m:46s (0h:0m:0s left)
Log-likelihood cutoff on original alignment: -289666.432
NOTE: Bootstrap correlation coefficient of split occurrence frequencies: 0.986
NOTE: UFBoot does not converge, continue at least 100 more iterations
Iteration 710 / LogL: -289350.004 / Time: 13h:2m:54s (1h:39m:22s left)
Estimate model parameters (epsilon = 0.100)
BETTER TREE FOUND at iteration 712: -289312.681
Iteration 720 / LogL: -289423.297 / Time: 13h:12m:45s (1h:41m:26s left)
Iteration 730 / LogL: -289374.201 / Time: 13h:23m:6s (1h:30m:20s left)
Iteration 740 / LogL: -289317.217 / Time: 13h:32m:51s (1h:19m:11s left)
Iteration 750 / LogL: -289396.084 / Time: 13h:43m:1s (1h:8m:7s left)
Log-likelihood cutoff on original alignment: -289666.432
Iteration 760 / LogL: -289330.036 / Time: 13h:53m:29s (0h:57m:6s left)
Iteration 770 / LogL: -289345.938 / Time: 14h:4m:58s (0h:46m:8s left)
Iteration 780 / LogL: -289330.576 / Time: 14h:16m:36s (0h:35m:11s left)
Iteration 790 / LogL: -289364.208 / Time: 14h:28m:32s (0h:24m:13s left)
Iteration 800 / LogL: -289459.507 / Time: 14h:37m:51s (0h:13m:11s left)
Log-likelihood cutoff on original alignment: -289666.432
NOTE: Bootstrap correlation coefficient of split occurrence frequencies: 0.984
NOTE: UFBoot does not converge, continue at least 100 more iterations
Iteration 810 / LogL: -289376.857 / Time: 14h:48m:13s (1h:38m:48s left)
Iteration 820 / LogL: -289351.070 / Time: 14h:58m:30s (1h:27m:46s left)
Iteration 830 / LogL: -289392.882 / Time: 15h:8m:19s (1h:16m:41s left)
Iteration 840 / LogL: -289348.811 / Time: 15h:18m:9s (1h:5m:39s left)
Iteration 850 / LogL: -289322.260 / Time: 15h:27m:58s (0h:54m:39s left)
Log-likelihood cutoff on original alignment: -289666.432
Iteration 860 / LogL: -289388.707 / Time: 15h:38m:20s (0h:43m:41s left)
Estimate model parameters (epsilon = 0.100)
BETTER TREE FOUND at iteration 861: -289311.697
Iteration 870 / LogL: -289368.534 / Time: 15h:49m:10s (1h:39m:23s left)
Iteration 880 / LogL: -289392.516 / Time: 16h:0m:2s (1h:28m:28s left)
Iteration 890 / LogL: -289361.033 / Time: 16h:9m:29s (1h:17m:25s left)
Iteration 900 / LogL: -289356.303 / Time: 16h:18m:36s (1h:6m:24s left)
Log-likelihood cutoff on original alignment: -289666.432
NOTE: Bootstrap correlation coefficient of split occurrence frequencies: 0.983
NOTE: UFBoot does not converge, continue at least 100 more iterations
Iteration 910 / LogL: -289323.578 / Time: 16h:28m:4s (1h:37m:49s left)
Estimate model parameters (epsilon = 0.100)
BETTER TREE FOUND at iteration 911: -289308.402
Iteration 920 / LogL: -289319.065 / Time: 16h:41m:5s (1h:39m:7s left)
Iteration 930 / LogL: -289346.381 / Time: 16h:54m:0s (1h:28m:24s left)
Iteration 940 / LogL: -289320.177 / Time: 17h:6m:5s (1h:17m:35s left)
Iteration 950 / LogL: -289400.752 / Time: 17h:19m:25s (1h:6m:48s left)
Log-likelihood cutoff on original alignment: -289666.432
Iteration 960 / LogL: -289384.610 / Time: 17h:31m:1s (0h:55m:53s left)
Iteration 970 / LogL: -289392.038 / Time: 17h:42m:31s (0h:44m:57s left)
Iteration 980 / LogL: -289323.311 / Time: 17h:54m:42s (0h:34m:1s left)
Iteration 990 / LogL: -289346.151 / Time: 18h:5m:56s (0h:23m:3s left)
Iteration 1000 / LogL: -289446.934 / Time: 18h:16m:52s (0h:12m:4s left)
Log-likelihood cutoff on original alignment: -289666.432
NOTE: Bootstrap correlation coefficient of split occurrence frequencies: 0.991
TREE SEARCH COMPLETED AFTER 1001 ITERATIONS / Time: 18h:17m:52s

--------------------------------------------------------------------
|                    FINALIZING TREE SEARCH                        |
--------------------------------------------------------------------
Performs final model parameters optimization
Estimate model parameters (epsilon = 0.010)
1. Initial log-likelihood: -289308.402
Optimal log-likelihood: -289308.401
Rate parameters:  A-C: 1.16323  A-G: 6.77687  A-T: 2.13429  C-G: 0.22595  C-T: 6.44474  G-T: 1.00000
Base frequencies:  A: 0.162  C: 0.338  G: 0.336  T: 0.164
Proportion of invariable sites: 0.392
Gamma shape alpha: 0.643
Parameters optimization took 1 rounds (16.391 sec)
BEST SCORE FOUND : -289308.401
Creating bootstrap support values...
Split supports printed to NEXUS file 194ind_noClones_foriQtree.fas.splits.nex
Total tree length: 6.445

Total number of iterations: 1001
CPU time used for tree search: 62913.235 sec (17h:28m:33s)
Wall-clock time used for tree search: 63083.009 sec (17h:31m:23s)
Total CPU time used: 65716.615 sec (18h:15m:16s)
Total wall-clock time used: 65889.855 sec (18h:18m:9s)

Computing bootstrap consensus tree...
Reading input file 194ind_noClones_foriQtree.fas.splits.nex...
194 taxa and 1702 splits.
Consensus tree written to 194ind_noClones_foriQtree.fas.contree
Reading input trees file 194ind_noClones_foriQtree.fas.contree
Log-likelihood of consensus tree: -289315.037

Analysis results written to: 
  IQ-TREE report:                194ind_noClones_foriQtree.fas.iqtree
  Maximum-likelihood tree:       194ind_noClones_foriQtree.fas.treefile
  Likelihood distances:          194ind_noClones_foriQtree.fas.mldist

Ultrafast bootstrap approximation results written to:
  Split support values:          194ind_noClones_foriQtree.fas.splits.nex
  Consensus tree:                194ind_noClones_foriQtree.fas.contree
  Screen log file:               194ind_noClones_foriQtree.fas.log

Date and Time: Thu Nov 25 11:39:31 2021
