IQ-TREE multicore version 1.6.11 for Linux 64-bit built Jun  6 2019
Developed by Bui Quang Minh, Nguyen Lam Tung, Olga Chernomor,
Heiko Schmidt, Dominik Schrempf, Michael Woodhams.

Host:    92355f672ec4 (AVX, 125 GB RAM)
Command: /usr/local/iqtree/bin/iqtree -s /tmp/IQTREE/A4t3AypaYk/seqin.fst -st DNA -pre /tmp/IQTREE/A4t3AypaYk/iqt -m GTR+F -bb 1000 -pers 0.5 -numstop 100 -nt 3
Seed:    862544 (Using SPRNG - Scalable Parallel Random Number Generator)
Time:    Thu Sep 30 11:50:27 2021
Kernel:  AVX - 3 threads (24 CPU cores detected)

Reading alignment file /tmp/IQTREE/A4t3AypaYk/seqin.fst ... Fasta format detected
Alignment most likely contains protein sequences
WARNING: Your specified sequence type is different from the detected one
WARNING: 7 sites contain only gaps or ambiguous characters.
Alignment has 242 sequences with 19419 columns, 19249 distinct patterns
7069 parsimony-informative, 2798 singleton sites, 9552 constant sites
         Gap/Ambiguity  Composition  p-value
   1  DD1_01A   42.72%    passed     99.75%
   2  DD1_02A   39.37%    passed     14.81%
   3  DD1_03A   38.66%    failed      4.59%
   4  DD1_04A   44.37%    failed      0.02%
   5  DD1_05A   34.62%    passed     44.76%
   6  DD1_06A   35.96%    passed     57.22%
   7  DD1_07A   48.80%    failed      0.31%
   8  DD1_08A   42.55%    passed     52.98%
   9  DD1_09A   48.60%    failed      0.43%
  10  DD1_11A   55.34%    failed      0.88%
  11  DD1_12A   40.13%    passed     66.38%
  12  DD1_13A   33.67%    passed     60.48%
  13  DD1_15A   37.78%    passed     11.96%
  14  DD2_01A   33.95%    passed     66.61%
  15  DD2_02A   40.26%    passed     35.28%
  16  DD2_03A   38.60%    passed     71.62%
  17  DD2_04A   37.90%    passed     18.77%
  18  DD2_05A   35.69%    passed     59.04%
  19  DD2_06A   40.61%    passed     24.39%
  20  DD2_07A   39.68%    passed     47.83%
  21  DD2_08A   34.65%    passed     47.34%
  22  DD2_11A   41.27%    failed      4.61%
  23  DD2_12A   33.21%    passed     51.46%
  24  DD2_13A   35.79%    passed     63.33%
  25  DD2_14A   30.80%    passed     25.54%
  26  DD2_15A   32.72%    passed     89.20%
  27  DD3_01A   36.26%    passed     56.93%
  28  DD3_02A   35.34%    passed     69.96%
  29  DD3_03A   40.20%    passed     70.69%
  30  DD3_04A   34.59%    passed     96.16%
  31  DD3_05A   36.22%    passed     54.41%
  32  DD3_06A   36.99%    passed     40.35%
  33  DD3_07A   42.37%    passed      5.96%
  34  DD3_08A   34.24%    passed     99.68%
  35  DD3_09A   34.34%    passed     86.26%
  36  DD3_10A   43.40%    failed      0.50%
  37  DD3_11A   44.73%    passed      9.04%
  38  DD3_12A   40.48%    failed      2.97%
  39  DD3_13A   29.77%    passed     59.63%
  40  DD3_14A   32.26%    passed     77.43%
  41  DD3_15A   45.45%    failed      0.08%
  42  DS1_01A   38.16%    passed     15.55%
  43  DS1_02A   41.97%    failed      0.10%
  44  DS1_04A   38.84%    failed      3.78%
  45  DS1_05A   39.92%    passed     97.17%
  46  DS1_06A   41.55%    passed     97.97%
  47  DS1_07A   37.77%    passed     33.02%
  48  DS1_08A   45.54%    failed      0.48%
  49  DS1_09A   42.91%    failed      0.03%
  50  DS1_11A   41.13%    failed      0.37%
  51  DS1_12A   57.94%    failed      0.00%
  52  DS1_13A   41.96%    passed     11.87%
  53  DS1_14A   49.33%    passed     76.35%
  54  DS1_15A   50.64%    passed     64.39%
  55  DS2_01A   40.00%    failed      2.37%
  56  DS2_02A   41.60%    passed      5.32%
  57  DS2_03A   47.67%    failed      0.52%
  58  DS2_04A   51.14%    failed      0.00%
  59  DS2_05A   44.18%    failed      0.02%
  60  DS2_06A   45.77%    passed      8.56%
  61  DS2_07A   42.56%    passed     10.41%
  62  DS2_08A   45.69%    failed      0.47%
  63  DS2_09A   40.55%    failed      3.61%
  64  DS2_11A   51.84%    passed      5.87%
  65  DS2_12A   45.38%    failed      0.04%
  66  DS2_13A   40.34%    failed      2.58%
  67  DS2_14A   44.45%    failed      1.64%
  68  DS2_15A   47.24%    failed      0.13%
  69  DS3_01A   43.67%    failed      4.88%
  70  DS3_02A   43.58%    passed     69.62%
  71  DS3_03A   43.39%    failed      0.03%
  72  DS3_04A   42.69%    failed      0.00%
  73  DS3_05A   51.00%    failed      0.00%
  74  DS3_06A   54.30%    failed      0.00%
  75  DS3_11A   39.69%    passed     57.68%
  76  DS3_15A   39.34%    failed      3.59%
  77  LD1_01A   59.17%    failed      0.12%
  78  LD1_02A   38.98%    failed      0.31%
  79  LD1_03A   38.15%    failed      0.66%
  80  LD1_04A   48.08%    passed     41.78%
  81  LD1_05A   31.64%    failed      0.50%
  82  LD1_06A   34.68%    passed     53.61%
  83  LD1_07A   33.78%    passed     52.03%
  84  LD1_08A   35.30%    passed     11.24%
  85  LD1_09A   34.07%    passed     93.35%
  86  LD1_10A   50.28%    failed      3.87%
  87  LD1_11A   35.72%    passed     84.19%
  88  LD1_12A   37.20%    passed     90.22%
  89  LD1_14A   35.33%    passed     27.32%
  90  LD2_01A   32.15%    passed     88.52%
  91  LD2_02A   34.06%    passed      6.01%
  92  LD2_03A   44.94%    failed      0.00%
  93  LD2_04A   33.32%    passed     57.44%
  94  LD2_05A   38.13%    passed     94.54%
  95  LD2_06A   32.43%    passed     99.94%
  96  LD2_07A   38.35%    failed      1.93%
  97  LD2_08A   48.05%    failed      0.07%
  98  LD2_09A   36.35%    passed     95.31%
  99  LD2_11A   34.51%    passed     93.83%
 100  LD2_12A   32.50%    passed     92.62%
 101  LD2_13A   43.64%    failed      3.55%
 102  LD2_14A   38.06%    failed      0.90%
 103  LD2_15A   34.33%    passed     89.33%
 104  LD3_01A   39.00%    failed      0.07%
 105  LD3_02A   35.47%    passed      7.27%
 106  LD3_03A   39.61%    passed     35.30%
 107  LD3_04A   36.15%    failed      0.25%
 108  LD3_05A   43.42%    failed      0.04%
 109  LD3_06A   38.83%    passed      9.23%
 110  LD3_07A   36.37%    passed     18.11%
 111  LD3_08A   39.65%    failed      0.17%
 112  LD3_09A   41.48%    failed      1.39%
 113  LD3_14A   38.27%    passed     97.53%
 114  LD3_15A   33.42%    passed     96.00%
 115  LS1_01A   44.61%    failed      0.05%
 116  LS1_02A   37.89%    passed      5.85%
 117  LS1_03A   29.28%    passed     44.54%
 118  LS1_04A   33.57%    passed     68.95%
 119  LS1_05A   37.01%    passed     96.47%
 120  LS1_06A   32.92%    passed     69.88%
 121  LS1_07A   36.37%    passed     29.12%
 122  LS1_08A   40.79%    passed     89.18%
 123  LS1_09A   44.42%    failed      0.89%
 124  LS1_11A   30.08%    passed     14.97%
 125  LS1_12A   34.73%    passed     65.50%
 126  LS1_13A   42.63%    passed     31.14%
 127  LS1_14A   59.78%    passed     76.62%
 128  LS1_15A   40.74%    passed     19.22%
 129  LS2_01A   36.38%    passed     21.12%
 130  LS2_02A   46.76%    failed      0.00%
 131  LS2_03A   44.00%    failed      0.01%
 132  LS2_04A   32.90%    passed     81.53%
 133  LS2_05A   34.78%    passed      6.14%
 134  LS2_06A   33.83%    passed     69.66%
 135  LS2_07A   34.63%    passed     31.17%
 136  LS2_08A   38.34%    passed     14.77%
 137  LS2_09A   50.57%    failed      0.05%
 138  LS2_11A   32.43%    passed     78.03%
 139  LS2_12A   33.17%    passed     99.93%
 140  LS2_13A   30.32%    passed     28.34%
 141  LS2_14A   33.31%    passed     95.60%
 142  LS2_15A   39.86%    failed      0.59%
 143  LS3_01A   38.62%    failed      0.22%
 144  LS3_02A   38.63%    passed     26.24%
 145  LS3_03A   45.48%    failed      0.11%
 146  LS3_04A   40.26%    failed      0.11%
 147  LS3_05A   43.57%    failed      0.12%
 148  LS3_06A   41.67%    failed      0.24%
 149  LS3_07A   46.19%    failed      0.46%
 150  LS3_08A   41.93%    failed      1.48%
 151  LS3_09A   42.89%    failed      0.25%
 152  LS3_10A   52.62%    failed      0.00%
 153  LS3_11A   41.46%    failed      0.13%
 154  LS3_12A   37.29%    passed     10.71%
 155  LS3_13A   40.54%    failed      0.63%
 156  LS3_14A   34.63%    passed      7.12%
 157  LS3_15A   32.35%    failed      1.05%
 158  ND1_01A   38.06%    passed      8.07%
 159  ND1_02A   46.80%    failed      0.01%
 160  ND1_03A   42.12%    failed      0.46%
 161  ND1_04A   54.25%    failed      3.16%
 162  ND1_12A   64.23%    failed      2.46%
 163  ND2_01A   35.61%    passed     20.49%
 164  ND2_03A   61.61%    passed     88.54%
 165  ND2_04A   32.63%    passed     11.04%
 166  ND2_06A   37.68%    passed      6.65%
 167  ND2_07A   41.85%    failed      0.39%
 168  ND2_12A   30.57%    passed     97.35%
 169  ND2_14A   38.58%    failed      0.30%
 170  ND2_15A   50.11%    failed      2.66%
 171  ND3_01A   50.59%    passed     29.63%
 172  ND3_03A   48.28%    passed      7.17%
 173  ND3_04A   45.60%    passed     11.72%
 174  ND3_05A   42.36%    failed      0.56%
 175  ND3_07A   36.91%    passed     42.88%
 176  ND3_08A   36.81%    passed     35.14%
 177  ND3_09A   36.53%    passed     53.17%
 178  ND3_10A   40.99%    passed     97.50%
 179  ND3_13A   45.07%    passed     37.48%
 180  ND3_14A   35.07%    passed     89.22%
 181  ND3_15A   49.30%    failed      0.00%
 182  NS1_02A   39.17%    passed     97.89%
 183  NS1_03A   60.73%    failed      0.08%
 184  NS1_04A   38.14%    passed      8.57%
 185  NS1_05A   47.70%    passed      5.29%
 186  NS1_06A   39.33%    passed     14.70%
 187  NS1_07A   63.38%    failed      0.00%
 188  NS1_09A   43.80%    failed      0.03%
 189  NS1_10A   40.20%    passed     36.98%
 190  NS1_13A   38.86%    failed      0.85%
 191  NS2_01A   31.57%    passed     85.07%
 192  NS2_02A   51.95%    passed     17.06%
 193  NS2_03A   44.16%    passed     33.33%
 194  NS2_04A   52.73%    failed      1.13%
 195  NS2_06A   41.10%    passed      9.04%
 196  NS2_07A   42.11%    passed     22.53%
 197  NS2_09A   45.28%    failed      0.15%
 198  NS2_12A   47.16%    passed     25.09%
 199  NS2_13A   63.55%    failed      0.01%
 200  NS3_01A   41.46%    failed      0.26%
 201  NS3_14A   64.57%    failed      0.00%
 202  NS3_15A   39.71%    passed     47.68%
 203  WD1_10A   57.88%    failed      0.08%
 204  WD1_12A   44.76%    failed      1.52%
 205  WD1_13A   34.14%    passed     63.27%
 206  WD1_14A   32.47%    passed     77.27%
 207  WD1_15A   55.22%    failed      1.21%
 208  WD2_01A   45.93%    passed     23.47%
 209  WD2_03A   60.76%    failed      4.07%
 210  WD2_04A   32.26%    passed     69.90%
 211  WD2_09A   32.64%    passed     89.12%
 212  WD3_07A   51.68%    failed      0.03%
 213  WD3_08A   40.56%    passed     15.73%
 214  WD3_13A   59.54%    failed      0.00%
 215  WD3_14A   60.37%    failed      0.00%
 216  WS1_01A   47.56%    passed     12.56%
 217  WS1_09A   31.57%    passed     69.98%
 218  WS1_10A   39.24%    passed      7.19%
 219  WS1_11A   52.09%    failed      1.29%
 220  WS1_12A   58.37%    failed      1.21%
 221  WS2_01A   48.48%    failed      0.59%
 222  WS2_02A   32.49%    passed     46.79%
 223  WS2_04A   50.19%    failed      0.01%
 224  WS2_05A   38.69%    passed     91.87%
 225  WS2_06A   38.29%    passed     87.13%
 226  WS2_07A   41.50%    failed      2.62%
 227  WS2_09A   49.20%    failed      0.00%
 228  WS2_11A   57.93%    failed      0.00%
 229  WS2_12A   43.33%    failed      4.28%
 230  WS2_14A   47.47%    passed     18.46%
 231  WS2_15A   52.59%    failed      1.65%
 232  WS3_01A   38.36%    failed      1.35%
 233  WS3_02A   43.07%    failed      0.16%
 234  WS3_03A   41.24%    passed     15.66%
 235  WS3_04A   54.27%    failed      1.99%
 236  WS3_05A   46.16%    failed      1.73%
 237  WS3_06A   50.07%    failed      0.01%
 238  WS3_07A   42.33%    failed      2.08%
 239  WS3_08A   50.28%    passed     50.71%
 240  WS3_12A   46.93%    failed      0.04%
 241  WS3_13A   44.06%    passed     10.36%
 242  WS3_15A   50.93%    failed      0.01%
WARNING: 38 sequences contain more than 50% gaps/ambiguity
****  TOTAL     41.90%  106 sequences failed composition chi2 test (p-value<5%; df=3)

Create initial parsimony tree by phylogenetic likelihood library (PLL)... 1.631 seconds
Generating 1000 samples for ultrafast bootstrap (seed: 862544)...

NOTE: 224 MB RAM (0 GB) is required!
Estimate model parameters (epsilon = 0.100)
1. Initial log-likelihood: -422504.059
2. Current log-likelihood: -375228.253
3. Current log-likelihood: -375118.743
Optimal log-likelihood: -375118.722
Rate parameters:  A-C: 1.20041  A-G: 5.10369  A-T: 2.20825  C-G: 0.25341  C-T: 5.01682  G-T: 1.00000
Base frequencies:  A: 0.162  C: 0.338  G: 0.336  T: 0.164
Parameters optimization took 3 rounds (17.512 sec)
Computing ML distances based on estimated model parameters... 44.983 sec
Computing BIONJ tree...
0.054 seconds
Log-likelihood of BIONJ tree: -379486.933
--------------------------------------------------------------------
|             INITIALIZING CANDIDATE TREE SET                      |
--------------------------------------------------------------------
Generating 98 parsimony trees... 205.965 second
Computing log-likelihood of 98 initial trees ... 76.434 seconds
Current best score: -374774.772

Do NNI search on 20 best initial trees
Estimate model parameters (epsilon = 0.100)
BETTER TREE FOUND at iteration 1: -374550.237
Estimate model parameters (epsilon = 0.100)
BETTER TREE FOUND at iteration 3: -374539.525
Estimate model parameters (epsilon = 0.100)
BETTER TREE FOUND at iteration 4: -374469.835
Iteration 10 / LogL: -374700.658 / Time: 0h:6m:57s
Iteration 20 / LogL: -374825.896 / Time: 0h:8m:24s
Finish initializing candidate tree set (20)
Current best tree score: -374469.835 / CPU time: 466.239
Number of iterations: 20
--------------------------------------------------------------------
|               OPTIMIZING CANDIDATE TREE SET                      |
--------------------------------------------------------------------
Iteration 30 / LogL: -374627.668 / Time: 0h:9m:44s (0h:24m:46s left)
Iteration 40 / LogL: -374612.458 / Time: 0h:11m:8s (0h:18m:14s left)
Iteration 50 / LogL: -374591.227 / Time: 0h:12m:20s (0h:13m:34s left)
Log-likelihood cutoff on original alignment: -374940.696
Iteration 60 / LogL: -374565.393 / Time: 0h:13m:25s (0h:9m:59s left)
Iteration 70 / LogL: -374545.781 / Time: 0h:14m:39s (0h:7m:12s left)
Estimate model parameters (epsilon = 0.100)
BETTER TREE FOUND at iteration 74: -374462.543
Estimate model parameters (epsilon = 0.100)
BETTER TREE FOUND at iteration 75: -374454.498
Iteration 80 / LogL: -374575.292 / Time: 0h:15m:54s (0h:19m:5s left)
Iteration 90 / LogL: -374514.893 / Time: 0h:17m:10s (0h:16m:22s left)
Iteration 100 / LogL: -374458.968 / Time: 0h:18m:21s (0h:13m:53s left)
Log-likelihood cutoff on original alignment: -374928.621
NOTE: Bootstrap correlation coefficient of split occurrence frequencies: 0.996
Estimate model parameters (epsilon = 0.100)
BETTER TREE FOUND at iteration 102: -374437.007
Iteration 110 / LogL: -374541.589 / Time: 0h:19m:37s (0h:16m:32s left)
Iteration 120 / LogL: -374572.828 / Time: 0h:20m:46s (0h:14m:17s left)
Iteration 130 / LogL: -374455.133 / Time: 0h:21m:51s (0h:12m:11s left)
Iteration 140 / LogL: -374568.693 / Time: 0h:23m:2s (0h:10m:15s left)
Estimate model parameters (epsilon = 0.100)
BETTER TREE FOUND at iteration 148: -374426.195
Iteration 150 / LogL: -374574.369 / Time: 0h:24m:16s (0h:15m:56s left)
Log-likelihood cutoff on original alignment: -374915.555
Iteration 160 / LogL: -374577.731 / Time: 0h:25m:26s (0h:14m:3s left)
Iteration 170 / LogL: -374551.188 / Time: 0h:26m:35s (0h:12m:15s left)
Iteration 180 / LogL: -374540.080 / Time: 0h:27m:44s (0h:10m:31s left)
Iteration 190 / LogL: -374863.287 / Time: 0h:28m:55s (0h:8m:52s left)
Iteration 200 / LogL: -374517.828 / Time: 0h:30m:7s (0h:7m:15s left)
Log-likelihood cutoff on original alignment: -374915.555
NOTE: Bootstrap correlation coefficient of split occurrence frequencies: 0.992
Iteration 210 / LogL: -374481.261 / Time: 0h:31m:19s (0h:13m:28s left)
Estimate model parameters (epsilon = 0.100)
BETTER TREE FOUND at iteration 219: -374418.950
Iteration 220 / LogL: -374460.306 / Time: 0h:32m:35s (0h:14m:43s left)
Estimate model parameters (epsilon = 0.100)
BETTER TREE FOUND at iteration 221: -374411.577
Iteration 230 / LogL: -374472.528 / Time: 0h:33m:52s (0h:13m:27s left)
Iteration 240 / LogL: -374607.064 / Time: 0h:35m:0s (0h:11m:51s left)
Iteration 250 / LogL: -374501.691 / Time: 0h:36m:8s (0h:10m:17s left)
Log-likelihood cutoff on original alignment: -374915.555
Estimate model parameters (epsilon = 0.100)
BETTER TREE FOUND at iteration 253: -374405.199
Iteration 260 / LogL: -374457.843 / Time: 0h:37m:23s (0h:13m:24s left)
Iteration 270 / LogL: -374444.378 / Time: 0h:38m:34s (0h:11m:53s left)
Iteration 280 / LogL: -374410.434 / Time: 0h:39m:44s (0h:10m:23s left)
Iteration 290 / LogL: -374420.834 / Time: 0h:40m:55s (0h:8m:54s left)
Iteration 300 / LogL: -374469.819 / Time: 0h:42m:6s (0h:7m:27s left)
Log-likelihood cutoff on original alignment: -374915.555
NOTE: Bootstrap correlation coefficient of split occurrence frequencies: 0.988
NOTE: UFBoot does not converge, continue at least 100 more iterations
Iteration 310 / LogL: -374485.392 / Time: 0h:43m:25s (0h:12m:38s left)
Iteration 320 / LogL: -374499.750 / Time: 0h:44m:38s (0h:11m:11s left)
Estimate model parameters (epsilon = 0.100)
BETTER TREE FOUND at iteration 330: -374372.734
Iteration 330 / LogL: -374372.734 / Time: 0h:45m:50s (0h:13m:55s left)
Iteration 340 / LogL: -374565.169 / Time: 0h:47m:5s (0h:12m:29s left)
Iteration 350 / LogL: -374512.363 / Time: 0h:48m:16s (0h:11m:3s left)
Log-likelihood cutoff on original alignment: -374915.555
Iteration 360 / LogL: -374445.671 / Time: 0h:49m:34s (0h:9m:39s left)
Iteration 370 / LogL: -374387.540 / Time: 0h:50m:48s (0h:8m:15s left)
Estimate model parameters (epsilon = 0.100)
BETTER TREE FOUND at iteration 373: -374334.046
Estimate model parameters (epsilon = 0.100)
BETTER TREE FOUND at iteration 375: -374313.887
Iteration 380 / LogL: -374329.685 / Time: 0h:52m:9s (0h:13m:3s left)
Iteration 390 / LogL: -374400.182 / Time: 0h:53m:22s (0h:11m:39s left)
Iteration 400 / LogL: -374452.980 / Time: 0h:54m:34s (0h:10m:15s left)
Log-likelihood cutoff on original alignment: -374915.555
NOTE: Bootstrap correlation coefficient of split occurrence frequencies: 0.973
NOTE: UFBoot does not converge, continue at least 100 more iterations
Iteration 410 / LogL: -374360.698 / Time: 0h:55m:48s (0h:12m:16s left)
Iteration 420 / LogL: -374378.124 / Time: 0h:57m:2s (0h:10m:53s left)
Estimate model parameters (epsilon = 0.100)
BETTER TREE FOUND at iteration 421: -374304.490
Iteration 430 / LogL: -374437.824 / Time: 0h:58m:16s (0h:12m:21s left)
Iteration 440 / LogL: -374319.375 / Time: 0h:59m:35s (0h:10m:59s left)
Iteration 450 / LogL: -374408.768 / Time: 1h:0m:49s (0h:9m:36s left)
Log-likelihood cutoff on original alignment: -374915.555
Iteration 460 / LogL: -374384.050 / Time: 1h:2m:8s (0h:8m:15s left)
Estimate model parameters (epsilon = 0.100)
BETTER TREE FOUND at iteration 463: -374259.403
Iteration 470 / LogL: -374308.389 / Time: 1h:3m:31s (0h:12m:35s left)
Iteration 480 / LogL: -374377.174 / Time: 1h:4m:43s (0h:11m:12s left)
Iteration 490 / LogL: -374301.454 / Time: 1h:5m:54s (0h:9m:50s left)
Iteration 500 / LogL: -374374.079 / Time: 1h:7m:8s (0h:8m:28s left)
Log-likelihood cutoff on original alignment: -374892.841
NOTE: Bootstrap correlation coefficient of split occurrence frequencies: 0.959
NOTE: UFBoot does not converge, continue at least 100 more iterations
Iteration 510 / LogL: -374264.148 / Time: 1h:8m:25s (0h:12m:5s left)
Estimate model parameters (epsilon = 0.100)
BETTER TREE FOUND at iteration 518: -374258.216
Iteration 520 / LogL: -374313.609 / Time: 1h:9m:40s (0h:13m:8s left)
Iteration 530 / LogL: -374261.292 / Time: 1h:10m:52s (0h:11m:47s left)
Estimate model parameters (epsilon = 0.100)
BETTER TREE FOUND at iteration 539: -374242.381
Iteration 540 / LogL: -374245.305 / Time: 1h:12m:11s (0h:13m:15s left)
Iteration 550 / LogL: -374330.581 / Time: 1h:13m:19s (0h:11m:52s left)
Log-likelihood cutoff on original alignment: -374892.841
Iteration 560 / LogL: -374398.620 / Time: 1h:14m:36s (0h:10m:32s left)
Iteration 570 / LogL: -374338.989 / Time: 1h:15m:47s (0h:9m:11s left)
Estimate model parameters (epsilon = 0.100)
BETTER TREE FOUND at iteration 579: -374241.517
Iteration 580 / LogL: -374344.284 / Time: 1h:17m:4s (0h:13m:10s left)
Estimate model parameters (epsilon = 0.100)
BETTER TREE FOUND at iteration 587: -374220.604
Iteration 590 / LogL: -374331.938 / Time: 1h:18m:21s (0h:12m:53s left)
Iteration 600 / LogL: -374263.013 / Time: 1h:19m:31s (0h:11m:32s left)
Log-likelihood cutoff on original alignment: -374892.841
NOTE: Bootstrap correlation coefficient of split occurrence frequencies: 0.946
NOTE: UFBoot does not converge, continue at least 100 more iterations
Iteration 610 / LogL: -374477.417 / Time: 1h:20m:47s (0h:11m:56s left)
Iteration 620 / LogL: -374228.182 / Time: 1h:22m:20s (0h:10m:38s left)
Estimate model parameters (epsilon = 0.100)
BETTER TREE FOUND at iteration 628: -374217.688
Iteration 630 / LogL: -374300.574 / Time: 1h:23m:36s (0h:13m:1s left)
Iteration 640 / LogL: -374305.685 / Time: 1h:24m:50s (0h:11m:40s left)
Estimate model parameters (epsilon = 0.100)
BETTER TREE FOUND at iteration 641: -374214.929
Iteration 650 / LogL: -374281.612 / Time: 1h:26m:10s (0h:12m:4s left)
Log-likelihood cutoff on original alignment: -374892.841
Iteration 660 / LogL: -374255.289 / Time: 1h:27m:23s (0h:10m:44s left)
Iteration 670 / LogL: -374362.363 / Time: 1h:28m:34s (0h:9m:23s left)
Iteration 680 / LogL: -374271.706 / Time: 1h:29m:45s (0h:8m:3s left)
Iteration 690 / LogL: -374509.217 / Time: 1h:31m:0s (0h:6m:44s left)
Estimate model parameters (epsilon = 0.100)
BETTER TREE FOUND at iteration 691: -374211.539
Iteration 700 / LogL: -374224.103 / Time: 1h:32m:56s (0h:12m:5s left)
Log-likelihood cutoff on original alignment: -374892.841
NOTE: Bootstrap correlation coefficient of split occurrence frequencies: 0.939
NOTE: UFBoot does not converge, continue at least 100 more iterations
Estimate model parameters (epsilon = 0.100)
BETTER TREE FOUND at iteration 701: -374201.429
Iteration 710 / LogL: -374228.349 / Time: 1h:34m:11s (0h:12m:5s left)
Iteration 720 / LogL: -374264.545 / Time: 1h:35m:25s (0h:10m:44s left)
Estimate model parameters (epsilon = 0.100)
BETTER TREE FOUND at iteration 725: -374195.627
Estimate model parameters (epsilon = 0.100)
BETTER TREE FOUND at iteration 730: -374187.561
Iteration 730 / LogL: -374187.561 / Time: 1h:36m:48s (0h:13m:16s left)
Iteration 740 / LogL: -374249.090 / Time: 1h:38m:5s (0h:11m:56s left)
Iteration 750 / LogL: -374259.884 / Time: 1h:39m:19s (0h:10m:36s left)
Log-likelihood cutoff on original alignment: -374827.813
Estimate model parameters (epsilon = 0.100)
BETTER TREE FOUND at iteration 759: -374170.755
Iteration 760 / LogL: -374296.017 / Time: 1h:40m:54s (0h:13m:9s left)
Iteration 770 / LogL: -374281.629 / Time: 1h:42m:11s (0h:11m:49s left)
Iteration 780 / LogL: -374202.882 / Time: 1h:43m:23s (0h:10m:28s left)
Iteration 790 / LogL: -374249.137 / Time: 1h:44m:36s (0h:9m:8s left)
Iteration 800 / LogL: -374428.506 / Time: 1h:45m:53s (0h:7m:49s left)
Log-likelihood cutoff on original alignment: -374827.813
NOTE: Bootstrap correlation coefficient of split occurrence frequencies: 0.955
NOTE: UFBoot does not converge, continue at least 100 more iterations
Estimate model parameters (epsilon = 0.100)
BETTER TREE FOUND at iteration 802: -374164.848
Estimate model parameters (epsilon = 0.100)
BETTER TREE FOUND at iteration 806: -374158.379
Iteration 810 / LogL: -374377.079 / Time: 1h:47m:14s (0h:12m:43s left)
Iteration 820 / LogL: -374339.580 / Time: 1h:48m:28s (0h:11m:23s left)
Estimate model parameters (epsilon = 0.100)
BETTER TREE FOUND at iteration 825: -374136.735
Iteration 830 / LogL: -374177.089 / Time: 1h:49m:48s (0h:12m:34s left)
Iteration 840 / LogL: -374227.564 / Time: 1h:51m:1s (0h:11m:14s left)
Iteration 850 / LogL: -374316.477 / Time: 1h:52m:12s (0h:9m:54s left)
Log-likelihood cutoff on original alignment: -374771.853
Iteration 860 / LogL: -374351.515 / Time: 1h:53m:26s (0h:8m:34s left)
Iteration 870 / LogL: -374186.469 / Time: 1h:54m:41s (0h:7m:15s left)
Iteration 880 / LogL: -374448.711 / Time: 1h:55m:53s (0h:5m:55s left)
Iteration 890 / LogL: -374222.902 / Time: 1h:57m:3s (0h:4m:36s left)
Iteration 900 / LogL: -374158.222 / Time: 1h:58m:17s (0h:3m:17s left)
Log-likelihood cutoff on original alignment: -374771.853
NOTE: Bootstrap correlation coefficient of split occurrence frequencies: 0.949
NOTE: UFBoot does not converge, continue at least 100 more iterations
Iteration 910 / LogL: -374269.159 / Time: 1h:59m:34s (0h:11m:50s left)
Iteration 920 / LogL: -374307.644 / Time: 2h:0m:48s (0h:10m:30s left)
Iteration 930 / LogL: -374171.971 / Time: 2h:1m:58s (0h:9m:11s left)
Iteration 940 / LogL: -374159.176 / Time: 2h:3m:13s (0h:7m:52s left)
Iteration 950 / LogL: -374169.318 / Time: 2h:4m:27s (0h:6m:33s left)
Log-likelihood cutoff on original alignment: -374771.853
Iteration 960 / LogL: -374207.694 / Time: 2h:5m:42s (0h:5m:14s left)
Iteration 970 / LogL: -374278.227 / Time: 2h:6m:59s (0h:3m:55s left)
Iteration 980 / LogL: -374183.035 / Time: 2h:8m:10s (0h:2m:37s left)
Iteration 990 / LogL: -374273.725 / Time: 2h:9m:27s (0h:1m:18s left)
Iteration 1000 / LogL: -374285.985 / Time: 2h:10m:38s (0h:0m:0s left)
Log-likelihood cutoff on original alignment: -374771.853
NOTE: Bootstrap correlation coefficient of split occurrence frequencies: 0.958
NOTE: UFBoot does not converge, continue at least 100 more iterations
WARNING: bootstrap analysis did not converge. You should rerun with higher number of iterations (-nm option)
TREE SEARCH COMPLETED AFTER 1001 ITERATIONS / Time: 2h:10m:47s

--------------------------------------------------------------------
|                    FINALIZING TREE SEARCH                        |
--------------------------------------------------------------------
Performs final model parameters optimization
Estimate model parameters (epsilon = 0.010)
1. Initial log-likelihood: -374136.735
Optimal log-likelihood: -374136.728
Rate parameters:  A-C: 1.19829  A-G: 5.10986  A-T: 2.18333  C-G: 0.25514  C-T: 5.02969  G-T: 1.00000
Base frequencies:  A: 0.162  C: 0.338  G: 0.336  T: 0.164
Parameters optimization took 1 rounds (1.443 sec)
BEST SCORE FOUND : -374136.728
Creating bootstrap support values...
Split supports printed to NEXUS file /tmp/IQTREE/A4t3AypaYk/iqt.splits.nex
Total tree length: 4.442

Total number of iterations: 1001
CPU time used for tree search: 22149.568 sec (6h:9m:9s)
Wall-clock time used for tree search: 7809.379 sec (2h:10m:9s)
Total CPU time used: 22262.634 sec (6h:11m:2s)
Total wall-clock time used: 7850.062 sec (2h:10m:50s)

Computing bootstrap consensus tree...
Reading input file /tmp/IQTREE/A4t3AypaYk/iqt.splits.nex...
242 taxa and 2037 splits.
Consensus tree written to /tmp/IQTREE/A4t3AypaYk/iqt.contree
Reading input trees file /tmp/IQTREE/A4t3AypaYk/iqt.contree
Log-likelihood of consensus tree: -374128.897

Analysis results written to: 
  IQ-TREE report:                /tmp/IQTREE/A4t3AypaYk/iqt.iqtree
  Maximum-likelihood tree:       /tmp/IQTREE/A4t3AypaYk/iqt.treefile
  Likelihood distances:          /tmp/IQTREE/A4t3AypaYk/iqt.mldist

Ultrafast bootstrap approximation results written to:
  Split support values:          /tmp/IQTREE/A4t3AypaYk/iqt.splits.nex
  Consensus tree:                /tmp/IQTREE/A4t3AypaYk/iqt.contree
  Screen log file:               /tmp/IQTREE/A4t3AypaYk/iqt.log

Date and Time: Thu Sep 30 14:01:22 2021
