IQ-TREE multicore version 1.6.11 for Linux 64-bit built Jun  6 2019
Developed by Bui Quang Minh, Nguyen Lam Tung, Olga Chernomor,
Heiko Schmidt, Dominik Schrempf, Michael Woodhams.

Host:    92355f672ec4 (AVX2, FMA3, 125 GB RAM)
Command: /usr/local/iqtree/bin/iqtree -s /tmp/IQTREE/_aGIwYTklJ/seqin.fst -st DNA -pre /tmp/IQTREE/_aGIwYTklJ/iqt -m GTR+F -bb 1000 -pers 0.5 -numstop 100 -nt 3
Seed:    626497 (Using SPRNG - Scalable Parallel Random Number Generator)
Time:    Thu Mar 10 12:14:03 2022
Kernel:  AVX+FMA - 3 threads (24 CPU cores detected)

Reading alignment file /tmp/IQTREE/_aGIwYTklJ/seqin.fst ... Fasta format detected
Alignment most likely contains protein sequences
WARNING: Your specified sequence type is different from the detected one
Alignment has 245 sequences with 8683 columns, 8618 distinct patterns
2929 parsimony-informative, 1265 singleton sites, 4489 constant sites
         Gap/Ambiguity  Composition  p-value
   1  DD1_02A   16.38%    passed     41.51%
   2  DD1_03A   17.99%    passed     12.91%
   3  DD1_04A   18.96%    passed     11.66%
   4  DD1_05A   16.64%    passed     55.60%
   5  DD1_06A   16.98%    passed     40.04%
   6  DD1_07A   18.81%    passed     35.06%
   7  DD1_08A   18.24%    passed     49.48%
   8  DD1_09A   25.52%    failed      0.64%
   9  DD1_10A   48.01%    passed     10.09%
  10  DD1_11A   28.58%    passed     60.05%
  11  DD1_12A   18.10%    passed     36.90%
  12  DD1_13A   17.46%    passed     59.59%
  13  DD1_14A   49.13%    passed     91.61%
  14  DD1_15A   19.51%    passed     12.67%
  15  DD2_01A   23.95%    failed      0.45%
  16  DD2_02A   16.53%    passed     41.17%
  17  DD2_03A   17.01%    passed     48.16%
  18  DD2_04A   15.09%    passed     69.20%
  19  DD2_05A   18.15%    passed     22.16%
  20  DD2_06A   18.23%    passed     26.25%
  21  DD2_07A   17.67%    passed     44.43%
  22  DD2_08A   16.91%    passed     31.97%
  23  DD2_11A   17.86%    passed     67.31%
  24  DD2_12A   17.69%    passed     37.48%
  25  DD2_13A   17.89%    passed     56.70%
  26  DD2_14A   17.13%    passed     72.70%
  27  DD2_15A   17.84%    passed     14.76%
  28  DD3_01A   19.16%    passed     99.06%
  29  DD3_02A   16.90%    passed     72.36%
  30  DD3_03A   17.70%    passed     75.38%
  31  DD3_04A   18.29%    passed     16.20%
  32  DD3_05A   16.72%    passed     30.74%
  33  DD3_06A   17.42%    passed     43.43%
  34  DD3_07A   16.99%    passed     15.08%
  35  DD3_08A   18.46%    passed     23.05%
  36  DD3_10A   17.33%    passed     34.46%
  37  DD3_11A   17.53%    passed     64.15%
  38  DD3_12A   17.45%    passed     13.92%
  39  DD3_13A   17.15%    passed      6.47%
  40  DD3_14A   16.95%    passed     11.95%
  41  DS1_01A   18.36%    passed     51.96%
  42  DS1_02A   18.08%    passed     54.56%
  43  DS1_03A   94.49%    passed      7.35%
  44  DS1_06A   20.82%    passed     94.10%
  45  DS1_08A   20.13%    passed     21.67%
  46  DS1_09A   22.76%    failed      0.32%
  47  DS1_10A   49.23%    passed     95.69%
  48  DS1_11A   19.69%    passed     19.59%
  49  DS1_12A   29.51%    passed      6.66%
  50  DS1_13A   22.53%    failed      3.23%
  51  DS1_14A   22.78%    passed     96.70%
  52  DS1_15A   22.65%    passed     94.20%
  53  DS2_01A   24.53%    failed      1.45%
  54  DS2_03A   17.54%    passed     90.68%
  55  DS2_04A   19.04%    passed     32.19%
  56  DS2_08A   18.96%    passed     41.51%
  57  DS2_11A   19.89%    passed     97.90%
  58  DS2_12A   19.12%    passed     57.35%
  59  DS2_13A   17.84%    passed     32.80%
  60  DS3_01A   17.93%    passed     70.86%
  61  DS3_02A   16.05%    passed     96.41%
  62  DS3_04A   17.31%    passed     30.10%
  63  DS3_05A   18.10%    passed     85.42%
  64  DS3_06A   20.70%    passed     15.23%
  65  DS3_07A   90.72%    passed     96.19%
  66  DS3_11A   24.61%    failed      1.35%
  67  DS3_12A   82.16%    passed      6.97%
  68  DS3_14A   47.51%    passed     14.01%
  69  DS3_15A   18.45%    passed     28.52%
  70  LD1_02A   18.40%    passed      9.88%
  71  LD1_03A   22.31%    failed      0.27%
  72  LD1_04A   21.31%    passed     47.20%
  73  LD1_05A   18.02%    passed     47.05%
  74  LD1_06A   17.74%    passed     72.38%
  75  LD1_07A   17.23%    passed     42.34%
  76  LD1_09A   17.85%    passed     26.07%
  77  LD1_10A   19.50%    passed     63.63%
  78  LD1_13A   43.97%    passed     71.00%
  79  LD1_15A   51.03%    failed      0.57%
  80  LD2_01A   24.22%    failed      0.23%
  81  LD2_02A   18.06%    failed      2.78%
  82  LD2_03A   17.04%    passed     17.34%
  83  LD2_04A   17.93%    passed     44.08%
  84  LD2_06A   18.12%    passed     13.76%
  85  LD2_08A   17.34%    passed     60.84%
  86  LD2_12A   17.04%    passed     26.22%
  87  LD2_13A   17.60%    passed     55.42%
  88  LD2_14A   16.83%    passed     16.82%
  89  LD3_12A   91.18%    passed     46.93%
  90  LD3_01A   21.96%    failed      0.01%
  91  LD3_02A   17.36%    passed      8.50%
  92  LD3_03A   16.86%    passed     29.89%
  93  LD3_04A   16.93%    passed     19.59%
  94  LD3_05A   17.68%    passed     10.30%
  95  LD3_06A   17.94%    failed      2.53%
  96  LD3_09A   17.39%    passed     38.84%
  97  LD3_11A   86.96%    passed     84.62%
  98  LD3_13A   90.73%    passed     22.85%
  99  LD3_14A   17.52%    passed     41.13%
 100  LD3_15A   18.17%    passed     22.53%
 101  LS1_02A   17.34%    passed     67.14%
 102  LS1_03A   16.99%    passed     73.56%
 103  LS1_04A   18.14%    failed      2.49%
 104  LS1_05A   17.45%    passed     67.92%
 105  LS1_06A   17.78%    passed      7.36%
 106  LS1_07A   18.55%    passed     38.80%
 107  LS1_10A   62.51%    passed     73.63%
 108  LS1_11A   18.21%    passed     51.58%
 109  LS1_12A   24.45%    failed      0.22%
 110  LS1_14A   33.31%    passed     70.67%
 111  LS1_15A   18.83%    passed     50.33%
 112  LS2_01A   25.92%    failed      0.39%
 113  LS2_02A   18.18%    passed     14.99%
 114  LS2_03A   17.04%    passed     24.83%
 115  LS2_04A   18.00%    passed     14.52%
 116  LS2_05A   18.00%    passed      5.01%
 117  LS2_08A   16.63%    passed     43.35%
 118  LS2_09A   18.71%    passed     22.24%
 119  LS2_11A   16.88%    passed     75.37%
 120  LS2_12A   16.53%    passed     95.79%
 121  LS2_13A   17.66%    passed     33.86%
 122  LS2_14A   17.30%    passed     25.41%
 123  LS2_15A   17.28%    passed     23.23%
 124  LS3_01A   17.41%    passed     10.20%
 125  LS3_02A   17.14%    passed     76.96%
 126  LS3_04A   17.85%    passed     16.55%
 127  LS3_05A   17.02%    passed     51.44%
 128  LS3_06A   17.37%    passed     22.03%
 129  LS3_07A   22.68%    passed      8.24%
 130  LS3_08A   20.75%    passed      7.61%
 131  LS3_09A   19.19%    passed      7.21%
 132  LS3_12A   19.05%    passed      5.36%
 133  LS3_13A   17.08%    passed     18.22%
 134  LS3_14A   17.80%    passed      8.66%
 135  LS3_15A   17.92%    passed     76.61%
 136  ND1_02A   18.25%    passed     69.06%
 137  ND1_03A   18.14%    passed     24.12%
 138  ND1_04A   25.71%    passed     82.77%
 139  ND1_06A   88.58%    passed     58.48%
 140  ND1_09A   86.95%    passed     24.36%
 141  ND1_10A   50.31%    passed     76.44%
 142  ND1_12A   40.29%    passed     82.29%
 143  ND1_14A   96.64%    passed     35.55%
 144  ND2_01A   19.91%    failed      0.92%
 145  ND2_02A   72.30%    passed     72.70%
 146  ND2_03A   34.93%    passed     12.43%
 147  ND2_04A   17.34%    passed     16.33%
 148  ND2_05A   46.76%    passed     92.71%
 149  ND2_06A   18.54%    passed     10.50%
 150  ND2_07A   18.55%    passed     30.75%
 151  ND2_08A   73.60%    passed     33.22%
 152  ND2_12A   18.51%    passed     51.56%
 153  ND2_14A   17.44%    passed     20.02%
 154  ND2_15A   24.54%    passed     86.61%
 155  ND3_04A   20.03%    passed     71.53%
 156  ND3_06A   92.84%    passed     61.34%
 157  ND3_07A   17.54%    passed     31.82%
 158  ND3_08A   17.70%    passed     22.01%
 159  ND3_09A   17.08%    passed     24.95%
 160  ND3_10A   21.28%    passed     35.08%
 161  ND3_11A   51.71%    passed     30.03%
 162  ND3_12A   84.41%    passed     36.32%
 163  ND3_13A   21.58%    passed     23.35%
 164  ND3_14A   19.28%    passed     33.71%
 165  ND3_15A   22.25%    passed     24.29%
 166  NS1_02A   18.39%    passed     52.10%
 167  NS1_03A   32.73%    passed     72.24%
 168  NS1_04A   17.93%    passed     50.04%
 169  NS1_05A   19.66%    passed     66.88%
 170  NS1_06A   17.90%    passed     13.14%
 171  NS1_07A   35.03%    passed     50.46%
 172  NS1_09A   24.95%    failed      0.31%
 173  NS1_10A   16.83%    passed     98.36%
 174  NS1_11A   54.31%    passed     24.71%
 175  NS1_12A   83.00%    passed     58.45%
 176  NS1_13A   27.49%    failed      0.00%
 177  NS1_14A   80.54%    passed     63.59%
 178  NS1_15A   64.75%    passed      8.72%
 179  NS2_01A   23.75%    failed      1.22%
 180  NS2_02A   23.92%    passed     55.00%
 181  NS2_03A   17.76%    passed     51.61%
 182  NS2_04A   23.68%    passed     81.36%
 183  NS2_05A   85.97%    failed      1.87%
 184  NS2_07A   16.35%    passed     88.73%
 185  NS2_08A   66.52%    passed     52.21%
 186  NS2_09A   17.29%    passed     45.37%
 187  NS2_12A   19.13%    passed     98.87%
 188  NS2_13A   39.03%    passed     17.42%
 189  NS3_05A   88.26%    passed     13.97%
 190  NS3_06A   76.56%    failed      4.52%
 191  NS3_07A   55.15%    passed     40.47%
 192  NS3_08A   59.27%    failed      1.30%
 193  NS3_09A   46.91%    passed     49.14%
 194  NS3_11A   89.81%    passed      7.56%
 195  NS3_12A   52.03%    passed     55.79%
 196  NS3_13A   44.19%    passed     38.75%
 197  NS3_14A   37.97%    passed     57.58%
 198  NS3_15A   17.95%    passed     55.05%
 199  WD1_03A   72.38%    passed     58.02%
 200  WD1_08A   51.55%    passed      7.24%
 201  WD1_09A   66.03%    passed     39.38%
 202  WD1_10A   24.27%    passed     41.18%
 203  WD1_11A   86.06%    passed     10.79%
 204  WD1_12A   17.87%    passed     13.64%
 205  WD1_13A   18.96%    failed      4.96%
 206  WD1_14A   21.79%    failed      0.12%
 207  WD1_15A   28.38%    passed     47.40%
 208  WD2_01A   19.43%    passed     84.06%
 209  WD2_02A   55.10%    passed     35.63%
 210  WD2_03A   34.00%    passed     52.17%
 211  WD2_04A   17.78%    passed      6.39%
 212  WD2_05A   92.32%    passed     83.66%
 213  WD2_06A   57.45%    passed     81.27%
 214  WD2_09A   16.78%    passed     57.77%
 215  WD2_11A   50.82%    passed     66.57%
 216  WD3_03A   58.63%    passed     28.97%
 217  WD3_04A   39.46%    passed     80.01%
 218  WD3_07A   21.73%    passed     52.15%
 219  WD3_08A   17.48%    passed     48.34%
 220  WD3_09A   62.01%    passed     89.68%
 221  WD3_13A   31.88%    failed      0.06%
 222  WD3_14A   36.80%    passed      5.47%
 223  WD3_15A   54.55%    passed     15.24%
 224  WS1_01A   22.17%    passed     36.45%
 225  WS1_09A   24.28%    failed      0.09%
 226  WS1_10A   21.89%    failed      2.87%
 227  WS1_11A   26.93%    passed      7.29%
 228  WS1_12A   30.89%    passed     52.02%
 229  WS1_14A   75.30%    passed     99.57%
 230  WS2_02A   18.25%    passed     34.36%
 231  WS2_04A   20.38%    passed     18.94%
 232  WS2_05A   18.30%    passed     77.74%
 233  WS2_06A   16.33%    passed     76.64%
 234  WS2_09A   20.66%    failed      3.73%
 235  WS2_11A   26.64%    passed     47.37%
 236  WS2_14A   21.25%    passed     75.93%
 237  WS2_15A   22.01%    passed     52.76%
 238  WS3_01A   23.79%    failed      1.87%
 239  WS3_02A   16.13%    passed     42.16%
 240  WS3_05A   18.50%    passed     84.65%
 241  WS3_07A   18.88%    passed     21.29%
 242  WS3_08A   24.46%    passed     44.96%
 243  WS3_10A   61.61%    passed     92.39%
 244  WS3_12A   17.21%    passed     18.61%
 245  WS3_15A   25.65%    failed      0.30%
WARNING: 42 sequences contain more than 50% gaps/ambiguity
****  TOTAL     30.12%  30 sequences failed composition chi2 test (p-value<5%; df=3)

Create initial parsimony tree by phylogenetic likelihood library (PLL)... 1.125 seconds
Generating 1000 samples for ultrafast bootstrap (seed: 626497)...

NOTE: 101 MB RAM (0 GB) is required!
Estimate model parameters (epsilon = 0.100)
1. Initial log-likelihood: -225493.716
2. Current log-likelihood: -200092.468
3. Current log-likelihood: -197157.515
4. Current log-likelihood: -197155.944
Optimal log-likelihood: -197155.914
Rate parameters:  A-C: 1.21628  A-G: 6.29834  A-T: 2.47544  C-G: 0.26715  C-T: 6.08977  G-T: 1.00000
Base frequencies:  A: 0.147  C: 0.351  G: 0.351  T: 0.152
Parameters optimization took 4 rounds (15.190 sec)
Computing ML distances based on estimated model parameters... 7.527 sec
Computing BIONJ tree...
0.069 seconds
Log-likelihood of BIONJ tree: -200083.079
--------------------------------------------------------------------
|             INITIALIZING CANDIDATE TREE SET                      |
--------------------------------------------------------------------
Generating 98 parsimony trees... 70.701 second
Computing log-likelihood of 98 initial trees ... 76.569 seconds
Current best score: -196361.705

Do NNI search on 20 best initial trees
Estimate model parameters (epsilon = 0.100)
BETTER TREE FOUND at iteration 1: -196184.386
Estimate model parameters (epsilon = 0.100)
BETTER TREE FOUND at iteration 2: -196135.944
Iteration 10 / LogL: -196410.193 / Time: 0h:4m:53s
Iteration 20 / LogL: -196423.162 / Time: 0h:6m:41s
Finish initializing candidate tree set (20)
Current best tree score: -196135.944 / CPU time: 373.912
Number of iterations: 20
--------------------------------------------------------------------
|               OPTIMIZING CANDIDATE TREE SET                      |
--------------------------------------------------------------------
Estimate model parameters (epsilon = 0.100)
BETTER TREE FOUND at iteration 24: -196084.112
Estimate model parameters (epsilon = 0.100)
BETTER TREE FOUND at iteration 30: -196053.570
Iteration 30 / LogL: -196053.570 / Time: 0h:8m:9s (0h:28m:2s left)
Estimate model parameters (epsilon = 0.100)
BETTER TREE FOUND at iteration 33: -196026.042
Estimate model parameters (epsilon = 0.100)
BETTER TREE FOUND at iteration 35: -195998.615
Estimate model parameters (epsilon = 0.100)
BETTER TREE FOUND at iteration 38: -195954.590
Iteration 40 / LogL: -196040.296 / Time: 0h:9m:27s (0h:23m:41s left)
Estimate model parameters (epsilon = 0.100)
BETTER TREE FOUND at iteration 45: -195902.002
Iteration 50 / LogL: -196005.389 / Time: 0h:10m:40s (0h:20m:39s left)
Log-likelihood cutoff on original alignment: -196514.447
Estimate model parameters (epsilon = 0.100)
BETTER TREE FOUND at iteration 51: -195796.275
Estimate model parameters (epsilon = 0.100)
BETTER TREE FOUND at iteration 59: -195676.232
Iteration 60 / LogL: -195777.183 / Time: 0h:12m:10s (0h:20m:23s left)
Iteration 70 / LogL: -195776.099 / Time: 0h:13m:30s (0h:17m:22s left)
Estimate model parameters (epsilon = 0.100)
BETTER TREE FOUND at iteration 75: -195656.887
Iteration 80 / LogL: -195760.684 / Time: 0h:14m:48s (0h:17m:46s left)
Estimate model parameters (epsilon = 0.100)
BETTER TREE FOUND at iteration 83: -195607.001
Estimate model parameters (epsilon = 0.100)
BETTER TREE FOUND at iteration 88: -195587.829
Iteration 90 / LogL: -195671.842 / Time: 0h:16m:4s (0h:17m:40s left)
Iteration 100 / LogL: -195654.321 / Time: 0h:17m:27s (0h:15m:29s left)
Log-likelihood cutoff on original alignment: -196414.224
NOTE: Bootstrap correlation coefficient of split occurrence frequencies: 0.778
NOTE: UFBoot does not converge, continue at least 100 more iterations
Estimate model parameters (epsilon = 0.100)
BETTER TREE FOUND at iteration 101: -195582.648
Iteration 110 / LogL: -195716.017 / Time: 0h:18m:46s (0h:15m:39s left)
Estimate model parameters (epsilon = 0.100)
BETTER TREE FOUND at iteration 111: -195574.313
Estimate model parameters (epsilon = 0.100)
BETTER TREE FOUND at iteration 112: -195560.087
Estimate model parameters (epsilon = 0.100)
BETTER TREE FOUND at iteration 115: -195543.778
Iteration 120 / LogL: -195638.434 / Time: 0h:20m:23s (0h:16m:15s left)
Estimate model parameters (epsilon = 0.100)
BETTER TREE FOUND at iteration 127: -195532.540
Iteration 130 / LogL: -195565.071 / Time: 0h:22m:0s (0h:16m:31s left)
Estimate model parameters (epsilon = 0.100)
BETTER TREE FOUND at iteration 132: -195531.736
Estimate model parameters (epsilon = 0.100)
BETTER TREE FOUND at iteration 134: -195526.349
Iteration 140 / LogL: -195539.444 / Time: 0h:23m:22s (0h:15m:47s left)
Estimate model parameters (epsilon = 0.100)
BETTER TREE FOUND at iteration 141: -195515.662
Iteration 150 / LogL: -195556.267 / Time: 0h:24m:52s (0h:15m:10s left)
Log-likelihood cutoff on original alignment: -196345.582
Estimate model parameters (epsilon = 0.100)
BETTER TREE FOUND at iteration 154: -195492.850
Iteration 160 / LogL: -195645.857 / Time: 0h:26m:29s (0h:15m:38s left)
Estimate model parameters (epsilon = 0.100)
BETTER TREE FOUND at iteration 161: -195485.662
Estimate model parameters (epsilon = 0.100)
BETTER TREE FOUND at iteration 167: -195475.199
Iteration 170 / LogL: -195581.810 / Time: 0h:28m:7s (0h:16m:7s left)
Estimate model parameters (epsilon = 0.100)
BETTER TREE FOUND at iteration 172: -195469.743
Estimate model parameters (epsilon = 0.100)
BETTER TREE FOUND at iteration 174: -195438.057
Estimate model parameters (epsilon = 0.100)
BETTER TREE FOUND at iteration 179: -195436.041
Iteration 180 / LogL: -195494.153 / Time: 0h:29m:49s (0h:16m:29s left)
Iteration 190 / LogL: -195511.877 / Time: 0h:31m:9s (0h:14m:39s left)
Estimate model parameters (epsilon = 0.100)
BETTER TREE FOUND at iteration 196: -195431.577
Iteration 200 / LogL: -195471.355 / Time: 0h:32m:30s (0h:15m:40s left)
Log-likelihood cutoff on original alignment: -196345.582
NOTE: Bootstrap correlation coefficient of split occurrence frequencies: 0.856
NOTE: UFBoot does not converge, continue at least 100 more iterations
Iteration 210 / LogL: -195523.014 / Time: 0h:33m:27s (0h:14m:23s left)
Estimate model parameters (epsilon = 0.100)
BETTER TREE FOUND at iteration 213: -195423.800
Iteration 220 / LogL: -195483.687 / Time: 0h:34m:31s (0h:14m:38s left)
Estimate model parameters (epsilon = 0.100)
BETTER TREE FOUND at iteration 228: -195406.722
Iteration 230 / LogL: -195540.613 / Time: 0h:35m:29s (0h:15m:10s left)
Iteration 240 / LogL: -195450.715 / Time: 0h:36m:48s (0h:13m:32s left)
Iteration 250 / LogL: -195441.951 / Time: 0h:37m:58s (0h:11m:53s left)
Log-likelihood cutoff on original alignment: -196345.582
Iteration 260 / LogL: -195421.249 / Time: 0h:39m:24s (0h:10m:20s left)
Iteration 270 / LogL: -195517.316 / Time: 0h:40m:25s (0h:8m:42s left)
Iteration 280 / LogL: -195559.529 / Time: 0h:41m:21s (0h:7m:6s left)
Iteration 290 / LogL: -195469.684 / Time: 0h:42m:29s (0h:5m:35s left)
Iteration 300 / LogL: -195477.932 / Time: 0h:43m:39s (0h:4m:5s left)
Log-likelihood cutoff on original alignment: -196345.582
NOTE: Bootstrap correlation coefficient of split occurrence frequencies: 0.925
NOTE: UFBoot does not converge, continue at least 100 more iterations
Iteration 310 / LogL: -195493.949 / Time: 0h:44m:45s (0h:13m:1s left)
Iteration 320 / LogL: -195466.069 / Time: 0h:45m:47s (0h:11m:28s left)
Iteration 330 / LogL: -195607.366 / Time: 0h:46m:54s (0h:9m:58s left)
Estimate model parameters (epsilon = 0.100)
BETTER TREE FOUND at iteration 335: -195391.409
Estimate model parameters (epsilon = 0.100)
BETTER TREE FOUND at iteration 337: -195383.421
Iteration 340 / LogL: -195494.331 / Time: 0h:47m:51s (0h:13m:41s left)
Iteration 350 / LogL: -195469.675 / Time: 0h:48m:44s (0h:12m:8s left)
Log-likelihood cutoff on original alignment: -196345.582
Estimate model parameters (epsilon = 0.100)
BETTER TREE FOUND at iteration 352: -195357.496
Estimate model parameters (epsilon = 0.100)
BETTER TREE FOUND at iteration 353: -195357.066
Estimate model parameters (epsilon = 0.100)
BETTER TREE FOUND at iteration 354: -195324.842
Iteration 360 / LogL: -195407.106 / Time: 0h:49m:55s (0h:13m:3s left)
Iteration 370 / LogL: -195352.452 / Time: 0h:50m:54s (0h:11m:35s left)
Estimate model parameters (epsilon = 0.100)
BETTER TREE FOUND at iteration 378: -195299.064
Iteration 380 / LogL: -195429.998 / Time: 0h:51m:59s (0h:13m:26s left)
Iteration 390 / LogL: -195400.430 / Time: 0h:53m:0s (0h:11m:59s left)
Estimate model parameters (epsilon = 0.100)
BETTER TREE FOUND at iteration 395: -195287.263
Iteration 400 / LogL: -195338.603 / Time: 0h:54m:11s (0h:12m:53s left)
Log-likelihood cutoff on original alignment: -196244.817
NOTE: Bootstrap correlation coefficient of split occurrence frequencies: 0.882
NOTE: UFBoot does not converge, continue at least 100 more iterations
Iteration 410 / LogL: -195348.176 / Time: 0h:55m:9s (0h:12m:7s left)
Iteration 420 / LogL: -195456.358 / Time: 0h:56m:10s (0h:10m:43s left)
Estimate model parameters (epsilon = 0.100)
BETTER TREE FOUND at iteration 427: -195276.755
Estimate model parameters (epsilon = 0.100)
BETTER TREE FOUND at iteration 430: -195256.067
Iteration 430 / LogL: -195256.067 / Time: 0h:57m:13s (0h:13m:20s left)
Estimate model parameters (epsilon = 0.100)
BETTER TREE FOUND at iteration 432: -195249.061
Estimate model parameters (epsilon = 0.100)
BETTER TREE FOUND at iteration 437: -195247.123
Iteration 440 / LogL: -195272.566 / Time: 0h:58m:11s (0h:12m:51s left)
Iteration 450 / LogL: -195263.223 / Time: 0h:59m:4s (0h:11m:26s left)
Log-likelihood cutoff on original alignment: -196244.817
Iteration 460 / LogL: -195251.305 / Time: 1h:0m:0s (0h:10m:3s left)
Estimate model parameters (epsilon = 0.100)
BETTER TREE FOUND at iteration 464: -195245.783
Estimate model parameters (epsilon = 0.100)
BETTER TREE FOUND at iteration 465: -195243.382
Estimate model parameters (epsilon = 0.100)
BETTER TREE FOUND at iteration 470: -195220.476
Iteration 470 / LogL: -195220.476 / Time: 1h:0m:57s (0h:12m:59s left)
Iteration 480 / LogL: -195228.766 / Time: 1h:1m:57s (0h:11m:38s left)
Iteration 490 / LogL: -195299.404 / Time: 1h:2m:54s (0h:10m:17s left)
Estimate model parameters (epsilon = 0.100)
BETTER TREE FOUND at iteration 499: -195206.889
Iteration 500 / LogL: -195396.586 / Time: 1h:3m:54s (0h:12m:40s left)
Log-likelihood cutoff on original alignment: -195801.126
NOTE: Bootstrap correlation coefficient of split occurrence frequencies: 0.829
NOTE: UFBoot does not converge, continue at least 100 more iterations
Iteration 510 / LogL: -195231.423 / Time: 1h:4m:51s (0h:11m:27s left)
Estimate model parameters (epsilon = 0.100)
BETTER TREE FOUND at iteration 514: -195193.514
Iteration 520 / LogL: -195214.284 / Time: 1h:5m:54s (0h:11m:55s left)
Iteration 530 / LogL: -195238.525 / Time: 1h:6m:49s (0h:10m:36s left)
Estimate model parameters (epsilon = 0.100)
BETTER TREE FOUND at iteration 537: -195188.980
Iteration 540 / LogL: -195276.223 / Time: 1h:7m:46s (0h:12m:11s left)
Iteration 550 / LogL: -195285.587 / Time: 1h:8m:47s (0h:10m:53s left)
Log-likelihood cutoff on original alignment: -195801.126
Iteration 560 / LogL: -195361.022 / Time: 1h:9m:42s (0h:9m:35s left)
Iteration 570 / LogL: -195388.696 / Time: 1h:11m:2s (0h:8m:21s left)
Estimate model parameters (epsilon = 0.100)
BETTER TREE FOUND at iteration 571: -195180.810
Iteration 580 / LogL: -195260.727 / Time: 1h:12m:19s (0h:11m:21s left)
Estimate model parameters (epsilon = 0.100)
BETTER TREE FOUND at iteration 584: -195173.481
Iteration 590 / LogL: -195210.309 / Time: 1h:13m:19s (0h:11m:41s left)
Iteration 600 / LogL: -195263.054 / Time: 1h:14m:25s (0h:10m:26s left)
Log-likelihood cutoff on original alignment: -195778.057
NOTE: Bootstrap correlation coefficient of split occurrence frequencies: 0.801
NOTE: UFBoot does not converge, continue at least 100 more iterations
Iteration 610 / LogL: -195268.038 / Time: 1h:15m:25s (0h:11m:8s left)
Iteration 620 / LogL: -195229.684 / Time: 1h:16m:36s (0h:9m:53s left)
Iteration 630 / LogL: -195181.062 / Time: 1h:17m:51s (0h:8m:39s left)
Estimate model parameters (epsilon = 0.100)
BETTER TREE FOUND at iteration 635: -195148.608
Iteration 640 / LogL: -195226.693 / Time: 1h:19m:0s (0h:11m:44s left)
Iteration 650 / LogL: -195202.313 / Time: 1h:20m:34s (0h:10m:32s left)
Log-likelihood cutoff on original alignment: -195778.057
Iteration 660 / LogL: -195191.340 / Time: 1h:22m:15s (0h:9m:21s left)
Estimate model parameters (epsilon = 0.100)
BETTER TREE FOUND at iteration 662: -195147.386
Iteration 670 / LogL: -195254.258 / Time: 1h:23m:50s (0h:11m:31s left)
Iteration 680 / LogL: -195403.125 / Time: 1h:25m:21s (0h:10m:18s left)
Iteration 690 / LogL: -195173.175 / Time: 1h:26m:56s (0h:9m:4s left)
Estimate model parameters (epsilon = 0.100)
BETTER TREE FOUND at iteration 700: -195145.161
Iteration 700 / LogL: -195145.161 / Time: 1h:28m:19s (0h:12m:37s left)
Log-likelihood cutoff on original alignment: -195778.057
NOTE: Bootstrap correlation coefficient of split occurrence frequencies: 0.801
NOTE: UFBoot does not converge, continue at least 100 more iterations
Iteration 710 / LogL: -195319.417 / Time: 1h:29m:26s (0h:11m:21s left)
Iteration 720 / LogL: -195219.260 / Time: 1h:31m:1s (0h:10m:7s left)
Iteration 730 / LogL: -195153.772 / Time: 1h:32m:45s (0h:8m:54s left)
Estimate model parameters (epsilon = 0.100)
BETTER TREE FOUND at iteration 731: -195137.275
Iteration 740 / LogL: -195238.235 / Time: 1h:34m:22s (0h:11m:37s left)
Iteration 750 / LogL: -195173.065 / Time: 1h:35m:34s (0h:10m:20s left)
Log-likelihood cutoff on original alignment: -195778.057
Iteration 760 / LogL: -195233.555 / Time: 1h:36m:42s (0h:9m:2s left)
Iteration 770 / LogL: -195228.117 / Time: 1h:37m:58s (0h:7m:46s left)
Iteration 780 / LogL: -195167.872 / Time: 1h:39m:2s (0h:6m:28s left)
Estimate model parameters (epsilon = 0.100)
BETTER TREE FOUND at iteration 788: -195131.584
Iteration 790 / LogL: -195147.583 / Time: 1h:40m:14s (0h:12m:26s left)
Iteration 800 / LogL: -195165.814 / Time: 1h:41m:35s (0h:11m:11s left)
Log-likelihood cutoff on original alignment: -195778.057
NOTE: Bootstrap correlation coefficient of split occurrence frequencies: 0.864
NOTE: UFBoot does not converge, continue at least 100 more iterations
Estimate model parameters (epsilon = 0.100)
BETTER TREE FOUND at iteration 808: -195131.328
Iteration 810 / LogL: -195164.846 / Time: 1h:42m:57s (0h:12m:28s left)
Iteration 820 / LogL: -195138.511 / Time: 1h:44m:10s (0h:11m:11s left)
Iteration 830 / LogL: -195145.444 / Time: 1h:45m:23s (0h:9m:54s left)
Iteration 840 / LogL: -195260.382 / Time: 1h:46m:28s (0h:8m:37s left)
Iteration 850 / LogL: -195175.621 / Time: 1h:47m:42s (0h:7m:21s left)
Log-likelihood cutoff on original alignment: -195774.932
Iteration 860 / LogL: -195193.820 / Time: 1h:48m:51s (0h:6m:4s left)
Estimate model parameters (epsilon = 0.100)
BETTER TREE FOUND at iteration 865: -195127.879
Iteration 870 / LogL: -195166.872 / Time: 1h:50m:9s (0h:12m:2s left)
Iteration 880 / LogL: -195202.973 / Time: 1h:51m:20s (0h:10m:45s left)
Iteration 890 / LogL: -195221.626 / Time: 1h:52m:29s (0h:9m:29s left)
Iteration 900 / LogL: -195205.501 / Time: 1h:53m:45s (0h:8m:13s left)
Log-likelihood cutoff on original alignment: -195774.932
NOTE: Bootstrap correlation coefficient of split occurrence frequencies: 0.900
NOTE: UFBoot does not converge, continue at least 100 more iterations
Iteration 910 / LogL: -195235.059 / Time: 1h:55m:2s (0h:11m:23s left)
Iteration 920 / LogL: -195286.985 / Time: 1h:56m:13s (0h:10m:6s left)
Iteration 930 / LogL: -195150.022 / Time: 1h:57m:16s (0h:8m:50s left)
Iteration 940 / LogL: -195147.365 / Time: 1h:58m:32s (0h:7m:34s left)
Iteration 950 / LogL: -195172.524 / Time: 1h:59m:49s (0h:6m:18s left)
Log-likelihood cutoff on original alignment: -195774.932
Iteration 960 / LogL: -195338.750 / Time: 2h:0m:57s (0h:5m:2s left)
Iteration 970 / LogL: -195274.049 / Time: 2h:2m:0s (0h:3m:46s left)
Iteration 980 / LogL: -195228.391 / Time: 2h:3m:6s (0h:2m:30s left)
Iteration 990 / LogL: -195361.106 / Time: 2h:4m:19s (0h:1m:15s left)
Iteration 1000 / LogL: -195242.565 / Time: 2h:5m:34s (0h:0m:0s left)
Log-likelihood cutoff on original alignment: -195774.932
NOTE: Bootstrap correlation coefficient of split occurrence frequencies: 0.933
NOTE: UFBoot does not converge, continue at least 100 more iterations
WARNING: bootstrap analysis did not converge. You should rerun with higher number of iterations (-nm option)
TREE SEARCH COMPLETED AFTER 1001 ITERATIONS / Time: 2h:5m:42s

--------------------------------------------------------------------
|                    FINALIZING TREE SEARCH                        |
--------------------------------------------------------------------
Performs final model parameters optimization
Estimate model parameters (epsilon = 0.010)
1. Initial log-likelihood: -195127.879
Optimal log-likelihood: -195127.866
Rate parameters:  A-C: 1.21469  A-G: 6.38906  A-T: 2.51852  C-G: 0.27129  C-T: 6.15695  G-T: 1.00000
Base frequencies:  A: 0.147  C: 0.351  G: 0.351  T: 0.152
Parameters optimization took 1 rounds (1.007 sec)
BEST SCORE FOUND : -195127.866
Creating bootstrap support values...
Split supports printed to NEXUS file /tmp/IQTREE/_aGIwYTklJ/iqt.splits.nex
Total tree length: 4.782

Total number of iterations: 1001
CPU time used for tree search: 14466.945 sec (4h:1m:6s)
Wall-clock time used for tree search: 7514.340 sec (2h:5m:14s)
Total CPU time used: 14513.122 sec (4h:1m:53s)
Total wall-clock time used: 7544.406 sec (2h:5m:44s)

Computing bootstrap consensus tree...
Reading input file /tmp/IQTREE/_aGIwYTklJ/iqt.splits.nex...
245 taxa and 2280 splits.
Consensus tree written to /tmp/IQTREE/_aGIwYTklJ/iqt.contree
Reading input trees file /tmp/IQTREE/_aGIwYTklJ/iqt.contree
Log-likelihood of consensus tree: -195133.886

Analysis results written to: 
  IQ-TREE report:                /tmp/IQTREE/_aGIwYTklJ/iqt.iqtree
  Maximum-likelihood tree:       /tmp/IQTREE/_aGIwYTklJ/iqt.treefile
  Likelihood distances:          /tmp/IQTREE/_aGIwYTklJ/iqt.mldist

Ultrafast bootstrap approximation results written to:
  Split support values:          /tmp/IQTREE/_aGIwYTklJ/iqt.splits.nex
  Consensus tree:                /tmp/IQTREE/_aGIwYTklJ/iqt.contree
  Screen log file:               /tmp/IQTREE/_aGIwYTklJ/iqt.log

Date and Time: Thu Mar 10 14:19:52 2022
